[10/Feb/2017 10:01:25] "GET /python/1 HTTP/1.1" 200 1954
[10/Feb/2017 10:01:25] "GET /uploads/foot_91_20170207181131_557.jpg HTTP/1.1" 304 0
[10/Feb/2017 10:07:44] "GET /python/1 HTTP/1.1" 200 1954
[10/Feb/2017 10:07:58] "GET /python/1 HTTP/1.1" 200 1954
[10/Feb/2017 10:09:30] "GET /python/1 HTTP/1.1" 200 1929
[10/Feb/2017 10:09:33] "GET /about/ HTTP/1.1" 200 1756
[10/Feb/2017 10:09:35] "GET /about/ HTTP/1.1" 200 1756
[10/Feb/2017 10:10:06] "GET /about/ HTTP/1.1" 200 1772
[10/Feb/2017 10:10:08] "GET /about/ HTTP/1.1" 200 1772
[10/Feb/2017 10:29:42] "GET /about/ HTTP/1.1" 200 1772
[10/Feb/2017 10:29:43] "GET /about/ HTTP/1.1" 200 1772
[10/Feb/2017 10:29:43] "GET /static/css/index.css HTTP/1.1" 200 1021
[10/Feb/2017 10:29:43] "GET /static/img/logo.png HTTP/1.1" 200 21500
[10/Feb/2017 10:29:43] "GET /favicon.ico HTTP/1.1" 404 3225
[10/Feb/2017 10:29:50] "GET /about/ HTTP/1.1" 200 1772
[10/Feb/2017 10:29:50] "GET /static/css/index.css HTTP/1.1" 304 0
[10/Feb/2017 10:31:11] "GET /about/ HTTP/1.1" 200 1772
[10/Feb/2017 10:31:11] "GET /static/css/index.css HTTP/1.1" 200 1038
[10/Feb/2017 10:31:46] "GET /about/ HTTP/1.1" 200 1772
[10/Feb/2017 10:31:46] "GET /static/css/index.css HTTP/1.1" 200 1038
[10/Feb/2017 10:32:06] "GET /about/ HTTP/1.1" 200 1772
[10/Feb/2017 10:32:06] "GET /static/css/index.css HTTP/1.1" 200 1037
[10/Feb/2017 10:32:15] "GET /about/ HTTP/1.1" 200 1772
[10/Feb/2017 10:32:15] "GET /static/css/index.css HTTP/1.1" 200 1037
[10/Feb/2017 10:32:43] "GET /about/ HTTP/1.1" 200 1772
[10/Feb/2017 10:32:43] "GET /static/css/index.css HTTP/1.1" 200 1042
[10/Feb/2017 10:32:44] "GET /about/ HTTP/1.1" 200 1772
[10/Feb/2017 10:32:44] "GET /static/css/index.css HTTP/1.1" 304 0
[10/Feb/2017 10:32:45] "GET /about/ HTTP/1.1" 200 1772
[10/Feb/2017 10:33:02] "GET /about/ HTTP/1.1" 200 1772
[10/Feb/2017 10:33:02] "GET /static/css/index.css HTTP/1.1" 200 1042
[10/Feb/2017 10:33:46] "GET /about/ HTTP/1.1" 200 1772
[10/Feb/2017 10:33:46] "GET /static/css/index.css HTTP/1.1" 200 1044
[10/Feb/2017 10:34:00] "GET /about/ HTTP/1.1" 200 1772
[10/Feb/2017 10:34:00] "GET /static/css/index.css HTTP/1.1" 304 0
[10/Feb/2017 10:40:44] "GET /about/ HTTP/1.1" 200 1772
[10/Feb/2017 10:40:44] "GET /static/css/index.css HTTP/1.1" 200 1044
[10/Feb/2017 10:41:16] "GET / HTTP/1.1" 200 1989
[10/Feb/2017 10:45:00] "GET / HTTP/1.1" 200 1989
[10/Feb/2017 10:45:00] "GET /static/css/index.css HTTP/1.1" 304 0
[10/Feb/2017 10:45:55] "GET /archive/2019 HTTP/1.1" 200 7
[10/Feb/2017 10:47:24] "GET /archive/2019 HTTP/1.1" 500 131633
[10/Feb/2017 10:47:44] "GET /archive/2019 HTTP/1.1" 200 1838
[10/Feb/2017 10:47:44] "GET /static/css/index.css HTTP/1.1" 304 0
[10/Feb/2017 10:49:20] "GET /archive/2019 HTTP/1.1" 200 1861
[10/Feb/2017 10:49:20] "GET /static/css/index.css HTTP/1.1" 304 0
[10/Feb/2017 10:49:21] "GET /archive/2019 HTTP/1.1" 200 1861
[10/Feb/2017 10:49:21] "GET /archive/2019 HTTP/1.1" 200 1861
[10/Feb/2017 10:49:21] "GET /archive/2019 HTTP/1.1" 200 1861
[10/Feb/2017 10:49:21] "GET /archive/2019 HTTP/1.1" 200 1861
[10/Feb/2017 10:49:22] "GET /archive/2019 HTTP/1.1" 200 1861
[10/Feb/2017 10:49:22] "GET /static/css/index.css HTTP/1.1" 200 1044
[10/Feb/2017 10:49:22] "GET /static/img/logo.png HTTP/1.1" 200 21500
[10/Feb/2017 10:49:22] "GET /favicon.ico HTTP/1.1" 404 3225
[10/Feb/2017 10:53:47] "GET / HTTP/1.1" 200 1989
[10/Feb/2017 10:53:47] "GET /static/css/index.css HTTP/1.1" 200 1044
[10/Feb/2017 10:53:47] "GET /static/img/logo.png HTTP/1.1" 200 21500
[10/Feb/2017 10:53:48] "GET /favicon.ico HTTP/1.1" 404 3225
[10/Feb/2017 10:53:58] "GET / HTTP/1.1" 200 1989
[10/Feb/2017 10:53:58] "GET /static/img/logo.png HTTP/1.1" 304 0
[10/Feb/2017 10:53:58] "GET /static/css/index.css HTTP/1.1" 304 0
[10/Feb/2017 10:53:58] "GET /favicon.ico HTTP/1.1" 404 3225
[10/Feb/2017 10:54:38] "GET /archive/2019 HTTP/1.1" 200 1862
[10/Feb/2017 10:54:38] "GET /static/css/index.css HTTP/1.1" 200 1044
[10/Feb/2017 10:55:18] "GET / HTTP/1.1" 200 1989
[10/Feb/2017 10:55:18] "GET /favicon.ico HTTP/1.1" 404 3225
[10/Feb/2017 10:55:20] "GET / HTTP/1.1" 200 1989
[10/Feb/2017 10:55:20] "GET /static/css/index.css HTTP/1.1" 200 1044
[10/Feb/2017 10:55:20] "GET /static/img/logo.png HTTP/1.1" 304 0
[10/Feb/2017 10:55:20] "GET /favicon.ico HTTP/1.1" 404 3225
[10/Feb/2017 10:55:23] "GET / HTTP/1.1" 200 1989
[10/Feb/2017 10:55:23] "GET /static/css/index.css HTTP/1.1" 304 0
[10/Feb/2017 10:55:23] "GET /static/img/logo.png HTTP/1.1" 304 0
[10/Feb/2017 10:55:23] "GET /favicon.ico HTTP/1.1" 404 3225
[10/Feb/2017 10:55:26] "GET / HTTP/1.1" 200 1989
[10/Feb/2017 10:55:26] "GET /static/css/index.css HTTP/1.1" 304 0
[10/Feb/2017 10:55:26] "GET /static/img/logo.png HTTP/1.1" 304 0
[10/Feb/2017 10:55:27] "GET /favicon.ico HTTP/1.1" 404 3225
[10/Feb/2017 10:55:29] "GET / HTTP/1.1" 200 1989
[10/Feb/2017 10:55:29] "GET /static/css/index.css HTTP/1.1" 304 0
[10/Feb/2017 10:55:29] "GET /static/img/logo.png HTTP/1.1" 304 0
[10/Feb/2017 10:55:29] "GET /favicon.ico HTTP/1.1" 404 3225
[10/Feb/2017 10:55:33] "GET /freeswitch/list HTTP/1.1" 200 30
[10/Feb/2017 10:55:33] "GET /favicon.ico HTTP/1.1" 404 3225
[10/Feb/2017 10:55:35] "GET /favicon.ico HTTP/1.1" 404 3225
[10/Feb/2017 10:56:14] "GET / HTTP/1.1" 200 1989
[10/Feb/2017 10:56:14] "GET /static/css/index.css HTTP/1.1" 200 1038
[10/Feb/2017 10:56:14] "GET /static/img/logo.png HTTP/1.1" 304 0
[10/Feb/2017 10:56:14] "GET /favicon.ico HTTP/1.1" 404 3225
[10/Feb/2017 10:56:16] "GET / HTTP/1.1" 200 1989
[10/Feb/2017 10:56:16] "GET /static/css/index.css HTTP/1.1" 304 0
[10/Feb/2017 10:56:16] "GET /static/img/logo.png HTTP/1.1" 304 0
[10/Feb/2017 10:56:16] "GET /favicon.ico HTTP/1.1" 404 3225
[10/Feb/2017 10:56:16] "GET / HTTP/1.1" 200 1989
[10/Feb/2017 10:56:16] "GET /static/css/index.css HTTP/1.1" 304 0
[10/Feb/2017 10:56:16] "GET /static/img/logo.png HTTP/1.1" 304 0
[10/Feb/2017 10:56:17] "GET /favicon.ico HTTP/1.1" 404 3225
[10/Feb/2017 10:56:17] "GET / HTTP/1.1" 200 1989
[10/Feb/2017 10:56:17] "GET /static/css/index.css HTTP/1.1" 304 0
[10/Feb/2017 10:56:17] "GET /static/img/logo.png HTTP/1.1" 304 0
[10/Feb/2017 10:56:17] "GET /favicon.ico HTTP/1.1" 404 3225
[10/Feb/2017 10:56:17] "GET / HTTP/1.1" 200 1989
[10/Feb/2017 10:56:17] "GET /static/css/index.css HTTP/1.1" 304 0
[10/Feb/2017 10:56:17] "GET /static/img/logo.png HTTP/1.1" 304 0
[10/Feb/2017 10:56:17] "GET /favicon.ico HTTP/1.1" 404 3225
[10/Feb/2017 10:56:17] "GET / HTTP/1.1" 200 1989
[10/Feb/2017 10:56:17] "GET /static/img/logo.png HTTP/1.1" 304 0
[10/Feb/2017 10:56:17] "GET /static/css/index.css HTTP/1.1" 304 0
[10/Feb/2017 10:56:17] "GET /favicon.ico HTTP/1.1" 404 3225
[10/Feb/2017 10:56:18] "GET / HTTP/1.1" 200 1989
[10/Feb/2017 10:56:18] "GET /static/css/index.css HTTP/1.1" 304 0
[10/Feb/2017 10:56:18] "GET /static/img/logo.png HTTP/1.1" 304 0
[10/Feb/2017 10:56:18] "GET /favicon.ico HTTP/1.1" 404 3225
[10/Feb/2017 10:56:18] "GET / HTTP/1.1" 200 1989
[10/Feb/2017 10:56:18] "GET /static/css/index.css HTTP/1.1" 304 0
[10/Feb/2017 10:56:18] "GET /static/img/logo.png HTTP/1.1" 304 0
[10/Feb/2017 10:56:18] "GET /favicon.ico HTTP/1.1" 404 3225
[10/Feb/2017 10:56:20] "GET / HTTP/1.1" 200 1989
[10/Feb/2017 10:56:20] "GET /static/css/index.css HTTP/1.1" 304 0
[10/Feb/2017 10:56:20] "GET /static/img/logo.png HTTP/1.1" 304 0
[10/Feb/2017 10:56:20] "GET /favicon.ico HTTP/1.1" 404 3225
[10/Feb/2017 10:56:21] "GET / HTTP/1.1" 200 1989
[10/Feb/2017 10:56:21] "GET /static/css/index.css HTTP/1.1" 304 0
[10/Feb/2017 10:56:21] "GET /static/img/logo.png HTTP/1.1" 304 0
[10/Feb/2017 10:56:21] "GET /favicon.ico HTTP/1.1" 404 3225
[10/Feb/2017 10:57:00] "GET /archive/2019 HTTP/1.1" 200 1862
[10/Feb/2017 10:57:00] "GET /static/css/index.css HTTP/1.1" 200 1059
[10/Feb/2017 10:57:16] "GET / HTTP/1.1" 200 1989
[10/Feb/2017 10:57:16] "GET /static/css/index.css HTTP/1.1" 200 1058
[10/Feb/2017 10:57:16] "GET /static/img/logo.png HTTP/1.1" 304 0
[10/Feb/2017 10:57:16] "GET /favicon.ico HTTP/1.1" 404 3225
[10/Feb/2017 10:57:18] "GET / HTTP/1.1" 200 1989
[10/Feb/2017 10:57:18] "GET /static/css/index.css HTTP/1.1" 304 0
[10/Feb/2017 10:57:18] "GET /static/img/logo.png HTTP/1.1" 304 0
[10/Feb/2017 10:57:18] "GET /favicon.ico HTTP/1.1" 404 3225
[10/Feb/2017 10:57:20] "GET /favicon.ico HTTP/1.1" 404 3225
[10/Feb/2017 10:57:27] "GET /favicon.ico HTTP/1.1" 404 3225
[10/Feb/2017 10:57:29] "GET / HTTP/1.1" 200 1989
[10/Feb/2017 10:57:29] "GET /static/css/index.css HTTP/1.1" 200 1059
[10/Feb/2017 10:57:29] "GET /static/img/logo.png HTTP/1.1" 304 0
[10/Feb/2017 10:57:29] "GET /favicon.ico HTTP/1.1" 404 3225
[10/Feb/2017 10:57:32] "GET / HTTP/1.1" 200 1989
[10/Feb/2017 10:57:32] "GET /static/css/index.css HTTP/1.1" 304 0
[10/Feb/2017 10:57:32] "GET /static/img/logo.png HTTP/1.1" 304 0
[10/Feb/2017 10:57:32] "GET /favicon.ico HTTP/1.1" 404 3225
[10/Feb/2017 10:57:33] "GET / HTTP/1.1" 200 1989
[10/Feb/2017 10:57:33] "GET /static/img/logo.png HTTP/1.1" 304 0
[10/Feb/2017 10:57:33] "GET /static/css/index.css HTTP/1.1" 304 0
[10/Feb/2017 10:57:33] "GET /favicon.ico HTTP/1.1" 404 3225
[10/Feb/2017 10:57:36] "GET /archive/2019 HTTP/1.1" 200 1862
[10/Feb/2017 10:57:36] "GET /static/css/index.css HTTP/1.1" 200 1059
[10/Feb/2017 10:57:36] "GET /static/img/logo.png HTTP/1.1" 200 21500
[10/Feb/2017 10:57:36] "GET /favicon.ico HTTP/1.1" 404 3225
[10/Feb/2017 10:57:38] "GET /archive/2019 HTTP/1.1" 200 1862
[10/Feb/2017 10:57:38] "GET /static/css/index.css HTTP/1.1" 200 1059
[10/Feb/2017 10:57:38] "GET /static/img/logo.png HTTP/1.1" 200 21500
[10/Feb/2017 10:57:38] "GET /favicon.ico HTTP/1.1" 404 3225
[10/Feb/2017 10:57:52] "GET /favicon.ico HTTP/1.1" 404 3225
[10/Feb/2017 10:57:55] "GET /favicon.ico HTTP/1.1" 404 3225
[10/Feb/2017 10:58:03] "GET /python/1 HTTP/1.1" 200 1945
[10/Feb/2017 10:58:03] "GET /static/css/index.css HTTP/1.1" 304 0
[10/Feb/2017 10:58:03] "GET /uploads/foot_91_20170207181131_557.jpg HTTP/1.1" 200 11974
[10/Feb/2017 10:58:03] "GET /favicon.ico HTTP/1.1" 404 3225
[10/Feb/2017 10:58:08] "GET /about/ HTTP/1.1" 200 1772
[10/Feb/2017 10:58:08] "GET /static/css/index.css HTTP/1.1" 304 0
[10/Feb/2017 10:58:08] "GET /favicon.ico HTTP/1.1" 404 3225
[10/Feb/2017 10:58:09] "GET /about/ HTTP/1.1" 200 1772
[10/Feb/2017 10:58:09] "GET /favicon.ico HTTP/1.1" 404 3225
[10/Feb/2017 10:58:11] "GET /about/ HTTP/1.1" 200 1772
[10/Feb/2017 10:58:11] "GET /favicon.ico HTTP/1.1" 404 3225
[10/Feb/2017 10:58:13] "GET /about/ HTTP/1.1" 200 1772
[10/Feb/2017 10:58:13] "GET /static/css/index.css HTTP/1.1" 304 0
[10/Feb/2017 10:58:13] "GET /static/img/logo.png HTTP/1.1" 304 0
[10/Feb/2017 10:58:13] "GET /favicon.ico HTTP/1.1" 404 3225
[10/Feb/2017 10:58:16] "GET /about/ HTTP/1.1" 200 1772
[10/Feb/2017 10:58:17] "GET /favicon.ico HTTP/1.1" 404 3225
[10/Feb/2017 10:58:17] "GET /about/ HTTP/1.1" 200 1772
[10/Feb/2017 10:58:17] "GET /static/css/index.css HTTP/1.1" 304 0
[10/Feb/2017 10:58:17] "GET /static/img/logo.png HTTP/1.1" 304 0
[10/Feb/2017 10:58:17] "GET /favicon.ico HTTP/1.1" 404 3225
[10/Feb/2017 10:58:20] "GET /python/list HTTP/1.1" 500 87882
[10/Feb/2017 10:58:21] "GET /favicon.ico HTTP/1.1" 404 3225
[10/Feb/2017 10:58:25] "GET /favicon.ico HTTP/1.1" 404 3225
[10/Feb/2017 10:58:27] "GET /freeswitch/list HTTP/1.1" 200 30
[10/Feb/2017 10:58:27] "GET /favicon.ico HTTP/1.1" 404 3225
[10/Feb/2017 10:58:28] "GET /favicon.ico HTTP/1.1" 404 3225
[10/Feb/2017 10:58:29] "GET /python/list HTTP/1.1" 500 87882
[10/Feb/2017 10:58:29] "GET /favicon.ico HTTP/1.1" 404 3225
[10/Feb/2017 10:58:34] "GET /favicon.ico HTTP/1.1" 404 3225
[10/Feb/2017 10:59:09] "GET /archive/2019 HTTP/1.1" 200 1862
[10/Feb/2017 10:59:09] "GET /static/css/index.css HTTP/1.1" 200 1061
[10/Feb/2017 10:59:09] "GET /static/img/logo.png HTTP/1.1" 200 21500
[10/Feb/2017 10:59:09] "GET /favicon.ico HTTP/1.1" 404 3225
[10/Feb/2017 11:00:05] "GET /archive/2019 HTTP/1.1" 200 1862
[10/Feb/2017 11:00:05] "GET /static/css/index.css HTTP/1.1" 200 1078
[10/Feb/2017 11:00:05] "GET /static/img/logo.png HTTP/1.1" 200 21500
[10/Feb/2017 11:00:05] "GET /favicon.ico HTTP/1.1" 404 3225
[10/Feb/2017 11:00:05] "GET /archive/2019 HTTP/1.1" 200 1862
[10/Feb/2017 11:00:05] "GET /static/css/index.css HTTP/1.1" 200 1078
[10/Feb/2017 11:00:05] "GET /static/img/logo.png HTTP/1.1" 200 21500
[10/Feb/2017 11:00:06] "GET /favicon.ico HTTP/1.1" 404 3225
[10/Feb/2017 11:00:06] "GET /archive/2019 HTTP/1.1" 200 1862
[10/Feb/2017 11:00:06] "GET /static/css/index.css HTTP/1.1" 200 1078
[10/Feb/2017 11:00:06] "GET /static/img/logo.png HTTP/1.1" 200 21500
[10/Feb/2017 11:00:06] "GET /favicon.ico HTTP/1.1" 404 3225
[10/Feb/2017 11:00:09] "GET /archive/2019 HTTP/1.1" 200 1862
[10/Feb/2017 11:00:09] "GET /static/css/index.css HTTP/1.1" 304 0
[10/Feb/2017 11:01:01] "GET /archive/2019 HTTP/1.1" 200 1875
[10/Feb/2017 11:01:01] "GET /static/css/index.css HTTP/1.1" 304 0
[10/Feb/2017 11:01:03] "GET /archive/2019 HTTP/1.1" 200 1875
[10/Feb/2017 11:01:03] "GET /static/css/index.css HTTP/1.1" 200 1078
[10/Feb/2017 11:01:03] "GET /static/img/logo.png HTTP/1.1" 200 21500
[10/Feb/2017 11:01:03] "GET /favicon.ico HTTP/1.1" 404 3225
[10/Feb/2017 11:01:17] "GET /about/ HTTP/1.1" 200 1785
[10/Feb/2017 11:01:18] "GET /static/img/logo.png HTTP/1.1" 304 0
[10/Feb/2017 11:01:18] "GET /static/css/index.css HTTP/1.1" 200 1078
[10/Feb/2017 11:01:18] "GET /favicon.ico HTTP/1.1" 404 3225
[10/Feb/2017 11:01:49] "GET /about/ HTTP/1.1" 200 1785
[10/Feb/2017 11:01:49] "GET /static/css/index.css HTTP/1.1" 200 1102
[10/Feb/2017 11:01:49] "GET /static/img/logo.png HTTP/1.1" 304 0
[10/Feb/2017 11:01:49] "GET /favicon.ico HTTP/1.1" 404 3225
[10/Feb/2017 11:01:51] "GET /about/ HTTP/1.1" 200 1785
[10/Feb/2017 11:01:51] "GET /static/css/index.css HTTP/1.1" 304 0
[10/Feb/2017 11:01:51] "GET /static/img/logo.png HTTP/1.1" 304 0
[10/Feb/2017 11:01:51] "GET /favicon.ico HTTP/1.1" 404 3225
[10/Feb/2017 11:01:56] "GET /archive/2019 HTTP/1.1" 200 1875
[10/Feb/2017 11:01:56] "GET /static/css/index.css HTTP/1.1" 200 1102
[10/Feb/2017 11:01:57] "GET /archive/2019 HTTP/1.1" 200 1875
[10/Feb/2017 11:01:59] "GET /archive/2019 HTTP/1.1" 200 1875
[10/Feb/2017 11:01:59] "GET /static/css/index.css HTTP/1.1" 304 0
[10/Feb/2017 11:02:14] "GET /archive/2019 HTTP/1.1" 200 1875
[10/Feb/2017 11:02:14] "GET /static/css/index.css HTTP/1.1" 200 1104
[10/Feb/2017 11:02:15] "GET /archive/2019 HTTP/1.1" 200 1875
[10/Feb/2017 11:02:15] "GET /static/css/index.css HTTP/1.1" 200 1104
[10/Feb/2017 11:02:15] "GET /static/img/logo.png HTTP/1.1" 200 21500
[10/Feb/2017 11:02:15] "GET /favicon.ico HTTP/1.1" 404 3225
[10/Feb/2017 11:02:16] "GET /archive/2019 HTTP/1.1" 200 1875
[10/Feb/2017 11:02:16] "GET /static/css/index.css HTTP/1.1" 200 1104
[10/Feb/2017 11:02:16] "GET /static/img/logo.png HTTP/1.1" 200 21500
[10/Feb/2017 11:02:16] "GET /favicon.ico HTTP/1.1" 404 3225
[10/Feb/2017 11:02:17] "GET /archive/2019 HTTP/1.1" 200 1875
[10/Feb/2017 11:02:17] "GET /static/css/index.css HTTP/1.1" 200 1104
[10/Feb/2017 11:02:17] "GET /static/img/logo.png HTTP/1.1" 200 21500
[10/Feb/2017 11:02:17] "GET /favicon.ico HTTP/1.1" 404 3225
[10/Feb/2017 11:03:08] "GET /linux/list HTTP/1.1" 200 30
[10/Feb/2017 11:03:08] "GET /favicon.ico HTTP/1.1" 404 3225
[10/Feb/2017 11:03:10] "GET /favicon.ico HTTP/1.1" 404 3225
[10/Feb/2017 11:03:12] "GET /freeswitch/list HTTP/1.1" 200 30
[10/Feb/2017 11:03:12] "GET /favicon.ico HTTP/1.1" 404 3225
[10/Feb/2017 11:03:13] "GET /favicon.ico HTTP/1.1" 404 3225
[10/Feb/2017 11:03:14] "GET /linux/list HTTP/1.1" 200 30
[10/Feb/2017 11:03:14] "GET /favicon.ico HTTP/1.1" 404 3225
[10/Feb/2017 11:03:15] "GET /favicon.ico HTTP/1.1" 404 3225
[10/Feb/2017 11:04:33] "GET /archive/2019 HTTP/1.1" 200 1875
[10/Feb/2017 11:04:33] "GET /static/css/index.css HTTP/1.1" 200 1127
[10/Feb/2017 11:05:01] "GET /archive/2019 HTTP/1.1" 200 1875
[10/Feb/2017 11:05:01] "GET /static/css/index.css HTTP/1.1" 200 1125
[10/Feb/2017 11:05:17] "GET /about/ HTTP/1.1" 200 1785
[10/Feb/2017 11:05:17] "GET /static/css/index.css HTTP/1.1" 200 1125
[10/Feb/2017 11:05:17] "GET /static/img/logo.png HTTP/1.1" 304 0
[10/Feb/2017 11:05:18] "GET /favicon.ico HTTP/1.1" 404 3225
[10/Feb/2017 11:07:07] "GET /archive/2019 HTTP/1.1" 200 1868
[10/Feb/2017 11:07:07] "GET /static/css/index.css HTTP/1.1" 200 1131
[10/Feb/2017 11:07:10] "GET /archive/2019 HTTP/1.1" 200 1868
[10/Feb/2017 11:07:10] "GET /static/css/index.css HTTP/1.1" 304 0
[10/Feb/2017 11:07:33] "GET /archive/2019 HTTP/1.1" 200 1868
[10/Feb/2017 11:07:33] "GET /static/css/index.css HTTP/1.1" 200 1127
[10/Feb/2017 11:07:53] "GET /about/ HTTP/1.1" 200 1778
[10/Feb/2017 11:07:53] "GET /static/img/logo.png HTTP/1.1" 304 0
[10/Feb/2017 11:07:53] "GET /static/css/index.css HTTP/1.1" 200 1127
[10/Feb/2017 11:07:54] "GET /favicon.ico HTTP/1.1" 404 3225
[10/Feb/2017 11:10:31] "GET /about/ HTTP/1.1" 200 1778
[10/Feb/2017 11:10:31] "GET /static/css/index.css HTTP/1.1" 200 1126
[10/Feb/2017 11:10:31] "GET /static/img/logo.png HTTP/1.1" 304 0
[10/Feb/2017 11:10:31] "GET /favicon.ico HTTP/1.1" 404 3225
[10/Feb/2017 11:10:32] "GET /about/ HTTP/1.1" 200 1778
[10/Feb/2017 11:10:32] "GET /static/css/index.css HTTP/1.1" 304 0
[10/Feb/2017 11:10:32] "GET /static/img/logo.png HTTP/1.1" 304 0
[10/Feb/2017 11:10:32] "GET /favicon.ico HTTP/1.1" 404 3225
[10/Feb/2017 11:10:33] "GET /about/ HTTP/1.1" 200 1778
[10/Feb/2017 11:10:33] "GET /static/css/index.css HTTP/1.1" 304 0
[10/Feb/2017 11:10:33] "GET /static/img/logo.png HTTP/1.1" 304 0
[10/Feb/2017 11:10:33] "GET /favicon.ico HTTP/1.1" 404 3225
[10/Feb/2017 11:10:33] "GET /about/ HTTP/1.1" 200 1778
[10/Feb/2017 11:10:33] "GET /static/css/index.css HTTP/1.1" 304 0
[10/Feb/2017 11:10:33] "GET /static/img/logo.png HTTP/1.1" 304 0
[10/Feb/2017 11:10:33] "GET /favicon.ico HTTP/1.1" 404 3225
[10/Feb/2017 11:10:34] "GET /about/ HTTP/1.1" 200 1778
[10/Feb/2017 11:10:34] "GET /static/css/index.css HTTP/1.1" 304 0
[10/Feb/2017 11:10:34] "GET /static/img/logo.png HTTP/1.1" 304 0
[10/Feb/2017 11:10:34] "GET /favicon.ico HTTP/1.1" 404 3225
[10/Feb/2017 11:10:36] "GET /about/ HTTP/1.1" 200 1778
[10/Feb/2017 11:10:36] "GET /static/css/index.css HTTP/1.1" 304 0
[10/Feb/2017 11:10:36] "GET /static/img/logo.png HTTP/1.1" 304 0
[10/Feb/2017 11:10:36] "GET /favicon.ico HTTP/1.1" 404 3225
[10/Feb/2017 11:10:57] "GET /about/ HTTP/1.1" 200 1778
[10/Feb/2017 11:10:57] "GET /static/img/logo.png HTTP/1.1" 304 0
[10/Feb/2017 11:10:57] "GET /static/css/index.css HTTP/1.1" 200 1125
[10/Feb/2017 11:10:57] "GET /favicon.ico HTTP/1.1" 404 3225
[10/Feb/2017 11:11:01] "GET /about/ HTTP/1.1" 200 1778
[10/Feb/2017 11:11:02] "GET /static/css/index.css HTTP/1.1" 304 0
[10/Feb/2017 11:11:02] "GET /static/img/logo.png HTTP/1.1" 304 0
[10/Feb/2017 11:11:02] "GET /favicon.ico HTTP/1.1" 404 3225
[10/Feb/2017 11:11:19] "GET /about/ HTTP/1.1" 200 1778
[10/Feb/2017 11:11:19] "GET /static/img/logo.png HTTP/1.1" 304 0
[10/Feb/2017 11:11:19] "GET /static/css/index.css HTTP/1.1" 200 1127
[10/Feb/2017 11:11:20] "GET /favicon.ico HTTP/1.1" 404 3225
[10/Feb/2017 11:11:23] "GET /favicon.ico HTTP/1.1" 404 3225
[10/Feb/2017 11:11:25] "GET /favicon.ico HTTP/1.1" 404 3225
[10/Feb/2017 11:11:26] "GET /favicon.ico HTTP/1.1" 404 3225
[10/Feb/2017 11:11:28] "GET /about/ HTTP/1.1" 200 1778
[10/Feb/2017 11:11:28] "GET /static/css/index.css HTTP/1.1" 304 0
[10/Feb/2017 11:11:28] "GET /static/img/logo.png HTTP/1.1" 304 0
[10/Feb/2017 11:11:28] "GET /favicon.ico HTTP/1.1" 404 3225
[10/Feb/2017 11:11:29] "GET /about/ HTTP/1.1" 200 1778
[10/Feb/2017 11:11:29] "GET /static/css/index.css HTTP/1.1" 304 0
[10/Feb/2017 11:11:29] "GET /static/img/logo.png HTTP/1.1" 304 0
[10/Feb/2017 11:11:29] "GET /favicon.ico HTTP/1.1" 404 3225
[10/Feb/2017 11:11:29] "GET /about/ HTTP/1.1" 200 1778
[10/Feb/2017 11:11:30] "GET /static/css/index.css HTTP/1.1" 304 0
[10/Feb/2017 11:11:30] "GET /static/img/logo.png HTTP/1.1" 304 0
[10/Feb/2017 11:11:30] "GET /favicon.ico HTTP/1.1" 404 3225
[10/Feb/2017 11:11:31] "GET /favicon.ico HTTP/1.1" 404 3225
[10/Feb/2017 11:11:41] "GET /favicon.ico HTTP/1.1" 404 3225
[10/Feb/2017 11:11:43] "GET /about/ HTTP/1.1" 200 1778
[10/Feb/2017 11:11:43] "GET /static/css/index.css HTTP/1.1" 200 1125
[10/Feb/2017 11:11:43] "GET /static/img/logo.png HTTP/1.1" 304 0
[10/Feb/2017 11:11:43] "GET /favicon.ico HTTP/1.1" 404 3225
[10/Feb/2017 11:11:46] "GET /about/ HTTP/1.1" 200 1778
[10/Feb/2017 11:11:46] "GET /static/css/index.css HTTP/1.1" 304 0
[10/Feb/2017 11:11:46] "GET /static/img/logo.png HTTP/1.1" 304 0
[10/Feb/2017 11:11:47] "GET /favicon.ico HTTP/1.1" 404 3225
[10/Feb/2017 11:11:53] "GET /about/ HTTP/1.1" 200 1778
[10/Feb/2017 11:11:53] "GET /static/css/index.css HTTP/1.1" 200 1126
[10/Feb/2017 11:11:53] "GET /static/img/logo.png HTTP/1.1" 304 0
[10/Feb/2017 11:11:53] "GET /favicon.ico HTTP/1.1" 404 3225
[10/Feb/2017 11:11:53] "GET /about/ HTTP/1.1" 200 1778
[10/Feb/2017 11:11:53] "GET /static/css/index.css HTTP/1.1" 304 0
[10/Feb/2017 11:11:54] "GET /static/img/logo.png HTTP/1.1" 304 0
[10/Feb/2017 11:11:54] "GET /favicon.ico HTTP/1.1" 404 3225
[10/Feb/2017 11:11:54] "GET /about/ HTTP/1.1" 200 1778
[10/Feb/2017 11:11:54] "GET /static/css/index.css HTTP/1.1" 304 0
[10/Feb/2017 11:11:54] "GET /static/img/logo.png HTTP/1.1" 304 0
[10/Feb/2017 11:11:54] "GET /favicon.ico HTTP/1.1" 404 3225
[10/Feb/2017 11:11:55] "GET /about/ HTTP/1.1" 200 1778
[10/Feb/2017 11:11:55] "GET /static/css/index.css HTTP/1.1" 304 0
[10/Feb/2017 11:11:55] "GET /static/img/logo.png HTTP/1.1" 304 0
[10/Feb/2017 11:11:55] "GET /favicon.ico HTTP/1.1" 404 3225
[10/Feb/2017 11:11:55] "GET /about/ HTTP/1.1" 200 1778
[10/Feb/2017 11:11:55] "GET /static/css/index.css HTTP/1.1" 304 0
[10/Feb/2017 11:11:55] "GET /static/img/logo.png HTTP/1.1" 304 0
[10/Feb/2017 11:11:55] "GET /favicon.ico HTTP/1.1" 404 3225
[10/Feb/2017 11:11:55] "GET /about/ HTTP/1.1" 200 1778
[10/Feb/2017 11:11:55] "GET /static/css/index.css HTTP/1.1" 304 0
[10/Feb/2017 11:11:55] "GET /static/img/logo.png HTTP/1.1" 304 0
[10/Feb/2017 11:11:55] "GET /favicon.ico HTTP/1.1" 404 3225
[10/Feb/2017 11:11:55] "GET /about/ HTTP/1.1" 200 1778
[10/Feb/2017 11:11:55] "GET /static/css/index.css HTTP/1.1" 304 0
[10/Feb/2017 11:11:55] "GET /static/img/logo.png HTTP/1.1" 304 0
[10/Feb/2017 11:11:56] "GET /favicon.ico HTTP/1.1" 404 3225
[10/Feb/2017 11:11:56] "GET /about/ HTTP/1.1" 200 1778
[10/Feb/2017 11:11:56] "GET /static/css/index.css HTTP/1.1" 304 0
[10/Feb/2017 11:11:56] "GET /static/img/logo.png HTTP/1.1" 304 0
[10/Feb/2017 11:11:56] "GET /favicon.ico HTTP/1.1" 404 3225
[10/Feb/2017 11:12:34] "GET /about/ HTTP/1.1" 200 1778
[10/Feb/2017 11:12:34] "GET /static/css/index.css HTTP/1.1" 200 1146
[10/Feb/2017 11:12:34] "GET /static/img/logo.png HTTP/1.1" 304 0
[10/Feb/2017 11:12:34] "GET /favicon.ico HTTP/1.1" 404 3225
[10/Feb/2017 11:12:35] "GET /about/ HTTP/1.1" 200 1778
[10/Feb/2017 11:12:35] "GET /static/css/index.css HTTP/1.1" 304 0
[10/Feb/2017 11:12:35] "GET /static/img/logo.png HTTP/1.1" 304 0
[10/Feb/2017 11:12:35] "GET /favicon.ico HTTP/1.1" 404 3225
[10/Feb/2017 11:12:36] "GET /about/ HTTP/1.1" 200 1778
[10/Feb/2017 11:12:36] "GET /static/css/index.css HTTP/1.1" 304 0
[10/Feb/2017 11:12:36] "GET /static/img/logo.png HTTP/1.1" 304 0
[10/Feb/2017 11:12:36] "GET /favicon.ico HTTP/1.1" 404 3225
[10/Feb/2017 11:12:36] "GET /about/ HTTP/1.1" 200 1778
[10/Feb/2017 11:12:36] "GET /static/css/index.css HTTP/1.1" 304 0
[10/Feb/2017 11:12:36] "GET /static/img/logo.png HTTP/1.1" 304 0
[10/Feb/2017 11:12:37] "GET /favicon.ico HTTP/1.1" 404 3225
[10/Feb/2017 11:12:37] "GET /about/ HTTP/1.1" 200 1778
[10/Feb/2017 11:12:37] "GET /static/css/index.css HTTP/1.1" 304 0
[10/Feb/2017 11:12:37] "GET /static/img/logo.png HTTP/1.1" 304 0
[10/Feb/2017 11:12:37] "GET /favicon.ico HTTP/1.1" 404 3225
[10/Feb/2017 11:12:38] "GET /about/ HTTP/1.1" 200 1778
[10/Feb/2017 11:12:38] "GET /static/css/index.css HTTP/1.1" 304 0
[10/Feb/2017 11:12:38] "GET /static/img/logo.png HTTP/1.1" 304 0
[10/Feb/2017 11:12:38] "GET /favicon.ico HTTP/1.1" 404 3225
[10/Feb/2017 11:12:38] "GET /about/ HTTP/1.1" 200 1778
[10/Feb/2017 11:12:38] "GET /static/css/index.css HTTP/1.1" 304 0
[10/Feb/2017 11:12:38] "GET /static/img/logo.png HTTP/1.1" 304 0
[10/Feb/2017 11:12:38] "GET /favicon.ico HTTP/1.1" 404 3225
[10/Feb/2017 11:12:39] "GET /about/ HTTP/1.1" 200 1778
[10/Feb/2017 11:12:39] "GET /static/css/index.css HTTP/1.1" 304 0
[10/Feb/2017 11:12:39] "GET /static/img/logo.png HTTP/1.1" 304 0
[10/Feb/2017 11:12:39] "GET /favicon.ico HTTP/1.1" 404 3225
[10/Feb/2017 11:12:40] "GET /about/ HTTP/1.1" 200 1778
[10/Feb/2017 11:12:40] "GET /static/css/index.css HTTP/1.1" 304 0
[10/Feb/2017 11:12:40] "GET /static/img/logo.png HTTP/1.1" 304 0
[10/Feb/2017 11:12:40] "GET /favicon.ico HTTP/1.1" 404 3225
[10/Feb/2017 11:12:40] "GET /about/ HTTP/1.1" 200 1778
[10/Feb/2017 11:12:40] "GET /static/css/index.css HTTP/1.1" 304 0
[10/Feb/2017 11:12:40] "GET /static/img/logo.png HTTP/1.1" 304 0
[10/Feb/2017 11:12:40] "GET /favicon.ico HTTP/1.1" 404 3225
[10/Feb/2017 11:12:40] "GET /about/ HTTP/1.1" 200 1778
[10/Feb/2017 11:12:40] "GET /static/css/index.css HTTP/1.1" 304 0
[10/Feb/2017 11:12:40] "GET /static/img/logo.png HTTP/1.1" 304 0
[10/Feb/2017 11:12:40] "GET /favicon.ico HTTP/1.1" 404 3225
[10/Feb/2017 11:12:40] "GET /about/ HTTP/1.1" 200 1778
[10/Feb/2017 11:12:41] "GET /static/css/index.css HTTP/1.1" 304 0
[10/Feb/2017 11:12:41] "GET /static/img/logo.png HTTP/1.1" 304 0
[10/Feb/2017 11:12:41] "GET /favicon.ico HTTP/1.1" 404 3225
[10/Feb/2017 11:12:41] "GET /about/ HTTP/1.1" 200 1778
[10/Feb/2017 11:12:41] "GET /static/css/index.css HTTP/1.1" 304 0
[10/Feb/2017 11:12:41] "GET /static/img/logo.png HTTP/1.1" 304 0
[10/Feb/2017 11:12:41] "GET /favicon.ico HTTP/1.1" 404 3225
[10/Feb/2017 11:12:41] "GET /about/ HTTP/1.1" 200 1778
[10/Feb/2017 11:12:42] "GET /static/css/index.css HTTP/1.1" 304 0
[10/Feb/2017 11:12:42] "GET /static/img/logo.png HTTP/1.1" 304 0
[10/Feb/2017 11:12:42] "GET /favicon.ico HTTP/1.1" 404 3225
[10/Feb/2017 11:14:59] "GET /about/ HTTP/1.1" 200 1778
[10/Feb/2017 11:14:59] "GET /static/css/index.css HTTP/1.1" 200 1124
[10/Feb/2017 11:14:59] "GET /static/img/logo.png HTTP/1.1" 304 0
[10/Feb/2017 11:14:59] "GET /favicon.ico HTTP/1.1" 404 3225
[10/Feb/2017 11:15:01] "GET /about/ HTTP/1.1" 200 1778
[10/Feb/2017 11:15:01] "GET /static/css/index.css HTTP/1.1" 304 0
[10/Feb/2017 11:15:01] "GET /static/img/logo.png HTTP/1.1" 304 0
[10/Feb/2017 11:15:01] "GET /favicon.ico HTTP/1.1" 404 3225
[10/Feb/2017 11:15:02] "GET /about/ HTTP/1.1" 200 1778
[10/Feb/2017 11:15:02] "GET /static/css/index.css HTTP/1.1" 304 0
[10/Feb/2017 11:15:02] "GET /static/img/logo.png HTTP/1.1" 304 0
[10/Feb/2017 11:15:02] "GET /favicon.ico HTTP/1.1" 404 3225
[10/Feb/2017 11:15:02] "GET /about/ HTTP/1.1" 200 1778
[10/Feb/2017 11:15:02] "GET /static/css/index.css HTTP/1.1" 304 0
[10/Feb/2017 11:15:02] "GET /static/img/logo.png HTTP/1.1" 304 0
[10/Feb/2017 11:15:03] "GET /favicon.ico HTTP/1.1" 404 3225
[10/Feb/2017 11:15:23] "GET /about/ HTTP/1.1" 200 1778
[10/Feb/2017 11:15:23] "GET /static/img/logo.png HTTP/1.1" 304 0
[10/Feb/2017 11:15:23] "GET /static/css/index.css HTTP/1.1" 200 1125
[10/Feb/2017 11:15:23] "GET /favicon.ico HTTP/1.1" 404 3225
[10/Feb/2017 11:15:24] "GET /about/ HTTP/1.1" 200 1778
[10/Feb/2017 11:15:24] "GET /static/css/index.css HTTP/1.1" 304 0
[10/Feb/2017 11:15:24] "GET /static/img/logo.png HTTP/1.1" 304 0
[10/Feb/2017 11:15:24] "GET /favicon.ico HTTP/1.1" 404 3225
[10/Feb/2017 11:15:25] "GET /about/ HTTP/1.1" 200 1778
[10/Feb/2017 11:15:25] "GET /static/css/index.css HTTP/1.1" 304 0
[10/Feb/2017 11:15:25] "GET /static/img/logo.png HTTP/1.1" 304 0
[10/Feb/2017 11:15:25] "GET /favicon.ico HTTP/1.1" 404 3225
[10/Feb/2017 11:15:28] "GET /archive/2019 HTTP/1.1" 200 1868
[10/Feb/2017 11:15:28] "GET /static/css/index.css HTTP/1.1" 200 1125
[10/Feb/2017 11:15:28] "GET /static/img/logo.png HTTP/1.1" 200 21500
[10/Feb/2017 11:15:28] "GET /favicon.ico HTTP/1.1" 404 3225
[10/Feb/2017 11:15:29] "GET /archive/2019 HTTP/1.1" 200 1868
[10/Feb/2017 11:15:29] "GET /static/css/index.css HTTP/1.1" 200 1125
[10/Feb/2017 11:15:29] "GET /static/img/logo.png HTTP/1.1" 200 21500
[10/Feb/2017 11:15:29] "GET /favicon.ico HTTP/1.1" 404 3225
[10/Feb/2017 11:15:30] "GET /archive/2019 HTTP/1.1" 200 1868
[10/Feb/2017 11:15:30] "GET /static/css/index.css HTTP/1.1" 200 1125
[10/Feb/2017 11:15:30] "GET /static/img/logo.png HTTP/1.1" 200 21500
[10/Feb/2017 11:15:30] "GET /favicon.ico HTTP/1.1" 404 3225
[10/Feb/2017 11:15:32] "GET /static/css/index.css HTTP/1.1" 304 0
[10/Feb/2017 11:15:38] "GET /archive/2019 HTTP/1.1" 200 1868
[10/Feb/2017 11:15:38] "GET /static/css/index.css HTTP/1.1" 304 0
[10/Feb/2017 11:17:19] "GET /about/ HTTP/1.1" 200 1778
[10/Feb/2017 11:17:19] "GET /static/css/index.css HTTP/1.1" 200 1127
[10/Feb/2017 11:17:19] "GET /static/img/logo.png HTTP/1.1" 304 0
[10/Feb/2017 11:17:20] "GET /favicon.ico HTTP/1.1" 404 3225
[10/Feb/2017 11:17:25] "GET /archive/2019 HTTP/1.1" 200 1868
[10/Feb/2017 11:17:25] "GET /static/css/index.css HTTP/1.1" 200 1127
[10/Feb/2017 11:19:14] "GET /archive/2019 HTTP/1.1" 200 1868
[10/Feb/2017 11:19:14] "GET /static/css/index.css HTTP/1.1" 200 1157
[10/Feb/2017 11:19:27] "GET /archive/2019 HTTP/1.1" 200 1868
[10/Feb/2017 11:19:27] "GET /static/css/index.css HTTP/1.1" 200 1156
[10/Feb/2017 11:19:34] "GET /python/list HTTP/1.1" 500 87882
[10/Feb/2017 11:19:34] "GET /favicon.ico HTTP/1.1" 404 3225
[10/Feb/2017 11:19:37] "GET /favicon.ico HTTP/1.1" 404 3225
[10/Feb/2017 11:19:41] "GET /about/ HTTP/1.1" 200 1778
[10/Feb/2017 11:19:41] "GET /static/css/index.css HTTP/1.1" 200 1156
[10/Feb/2017 11:19:41] "GET /static/img/logo.png HTTP/1.1" 304 0
[10/Feb/2017 11:19:41] "GET /favicon.ico HTTP/1.1" 404 3225
[10/Feb/2017 11:20:31] "GET /about/ HTTP/1.1" 200 1778
[10/Feb/2017 11:20:31] "GET /static/img/logo.png HTTP/1.1" 304 0
[10/Feb/2017 11:20:31] "GET /static/css/index.css HTTP/1.1" 200 1137
[10/Feb/2017 11:20:31] "GET /favicon.ico HTTP/1.1" 404 3225
[10/Feb/2017 11:20:59] "GET /about/ HTTP/1.1" 200 1778
[10/Feb/2017 11:20:59] "GET /static/css/index.css HTTP/1.1" 200 1135
[10/Feb/2017 11:20:59] "GET /static/img/logo.png HTTP/1.1" 304 0
[10/Feb/2017 11:21:00] "GET /favicon.ico HTTP/1.1" 404 3225
[10/Feb/2017 11:21:09] "GET /freeswitch/list HTTP/1.1" 200 30
[10/Feb/2017 11:21:09] "GET /favicon.ico HTTP/1.1" 404 3225
[10/Feb/2017 11:21:12] "GET /favicon.ico HTTP/1.1" 404 3225
[10/Feb/2017 11:21:13] "GET /about/ HTTP/1.1" 200 1778
[10/Feb/2017 11:21:14] "GET /static/css/index.css HTTP/1.1" 304 0
[10/Feb/2017 11:21:14] "GET /favicon.ico HTTP/1.1" 404 3225
[10/Feb/2017 11:21:15] "GET /about/ HTTP/1.1" 200 1778
[10/Feb/2017 11:21:15] "GET /favicon.ico HTTP/1.1" 404 3225
[10/Feb/2017 11:21:16] "GET /about/ HTTP/1.1" 200 1778
[10/Feb/2017 11:21:16] "GET /static/css/index.css HTTP/1.1" 304 0
[10/Feb/2017 11:21:16] "GET /favicon.ico HTTP/1.1" 404 3225
[10/Feb/2017 11:21:18] "GET /about/ HTTP/1.1" 200 1778
[10/Feb/2017 11:21:18] "GET /favicon.ico HTTP/1.1" 404 3225
[10/Feb/2017 11:21:20] "GET /about/ HTTP/1.1" 200 1778
[10/Feb/2017 11:21:20] "GET /static/css/index.css HTTP/1.1" 304 0
[10/Feb/2017 11:21:20] "GET /favicon.ico HTTP/1.1" 404 3225
[10/Feb/2017 11:21:23] "GET /about/ HTTP/1.1" 200 1778
[10/Feb/2017 11:21:23] "GET /static/css/index.css HTTP/1.1" 304 0
[10/Feb/2017 11:21:23] "GET /favicon.ico HTTP/1.1" 404 3225
[10/Feb/2017 11:21:24] "GET /about/ HTTP/1.1" 200 1778
[10/Feb/2017 11:21:24] "GET /favicon.ico HTTP/1.1" 404 3225
[10/Feb/2017 11:21:25] "GET /about/ HTTP/1.1" 200 1778
[10/Feb/2017 11:21:26] "GET /static/css/index.css HTTP/1.1" 304 0
[10/Feb/2017 11:21:26] "GET /favicon.ico HTTP/1.1" 404 3225
[10/Feb/2017 11:21:41] "GET /about/ HTTP/1.1" 200 1778
[10/Feb/2017 11:21:41] "GET /static/css/index.css HTTP/1.1" 200 1135
[10/Feb/2017 11:30:12] "GET /archive/2019 HTTP/1.1" 200 1868
[10/Feb/2017 11:30:12] "GET /static/css/index.css HTTP/1.1" 200 1177
[10/Feb/2017 11:31:25] "GET /archive/2019 HTTP/1.1" 200 1868
[10/Feb/2017 11:31:25] "GET /static/css/index.css HTTP/1.1" 200 1176
[10/Feb/2017 11:31:39] "GET /archive/2019 HTTP/1.1" 200 1868
[10/Feb/2017 11:31:39] "GET /static/css/index.css HTTP/1.1" 200 1175
[10/Feb/2017 11:31:40] "GET /archive/2019 HTTP/1.1" 200 1868
[10/Feb/2017 11:31:40] "GET /static/css/index.css HTTP/1.1" 304 0
[10/Feb/2017 11:31:41] "GET /archive/2019 HTTP/1.1" 200 1868
[10/Feb/2017 11:31:41] "GET /static/css/index.css HTTP/1.1" 200 1175
[10/Feb/2017 11:31:41] "GET /static/img/logo.png HTTP/1.1" 200 21500
[10/Feb/2017 11:31:54] "GET /archive/2019 HTTP/1.1" 200 1868
[10/Feb/2017 11:31:54] "GET /static/css/index.css HTTP/1.1" 200 1176
[10/Feb/2017 11:32:18] "GET /archive/2019 HTTP/1.1" 200 1868
[10/Feb/2017 11:32:18] "GET /static/css/index.css HTTP/1.1" 200 1175
[10/Feb/2017 11:33:37] "GET /archive/2019 HTTP/1.1" 200 1868
[10/Feb/2017 11:33:37] "GET /static/css/index.css HTTP/1.1" 200 1177
[10/Feb/2017 11:33:38] "GET /archive/2019 HTTP/1.1" 200 1868
[10/Feb/2017 11:33:38] "GET /static/css/index.css HTTP/1.1" 304 0
[10/Feb/2017 11:33:39] "GET /archive/2019 HTTP/1.1" 200 1868
[10/Feb/2017 11:33:39] "GET /static/css/index.css HTTP/1.1" 200 1177
[10/Feb/2017 11:33:39] "GET /static/img/logo.png HTTP/1.1" 200 21500
[10/Feb/2017 11:34:10] "GET /archive/2019 HTTP/1.1" 200 1868
[10/Feb/2017 11:34:10] "GET /static/css/index.css HTTP/1.1" 200 1197
[10/Feb/2017 11:34:48] "GET /archive/2019 HTTP/1.1" 200 1868
[10/Feb/2017 11:34:48] "GET /static/css/index.css HTTP/1.1" 200 1197
[10/Feb/2017 11:35:06] "GET /archive/2019 HTTP/1.1" 200 1868
[10/Feb/2017 11:35:06] "GET /static/css/index.css HTTP/1.1" 200 1197
[10/Feb/2017 11:36:38] "GET /archive/2019 HTTP/1.1" 200 1868
[10/Feb/2017 11:36:38] "GET /static/css/index.css HTTP/1.1" 200 1219
[10/Feb/2017 11:36:57] "GET /archive/2019 HTTP/1.1" 200 1868
[10/Feb/2017 11:36:57] "GET /static/css/index.css HTTP/1.1" 200 1220
[10/Feb/2017 11:37:00] "GET /archive/2019 HTTP/1.1" 200 1868
[10/Feb/2017 11:37:00] "GET /static/css/index.css HTTP/1.1" 304 0
[10/Feb/2017 11:37:34] "GET /archive/2019 HTTP/1.1" 200 1868
[10/Feb/2017 11:37:34] "GET /static/css/index.css HTTP/1.1" 200 1220
[10/Feb/2017 11:37:47] "GET /python/list HTTP/1.1" 500 91459
[10/Feb/2017 13:18:43] "GET /archive/2019 HTTP/1.1" 200 1849
[10/Feb/2017 13:18:43] "GET /static/css/index.css HTTP/1.1" 200 1220
[10/Feb/2017 13:36:58] "GET /archive/2019 HTTP/1.1" 200 1849
[10/Feb/2017 13:36:58] "GET /static/css/index.css HTTP/1.1" 200 1247
[10/Feb/2017 13:37:33] "GET /archive/2019 HTTP/1.1" 200 1849
[10/Feb/2017 13:37:33] "GET /static/css/index.css HTTP/1.1" 200 1224
[10/Feb/2017 13:39:08] "GET /archive/2019 HTTP/1.1" 200 1849
[10/Feb/2017 13:39:08] "GET /static/css/index.css HTTP/1.1" 200 1224
[10/Feb/2017 13:39:11] "GET /archive/2019 HTTP/1.1" 200 1849
[10/Feb/2017 13:39:11] "GET /static/css/index.css HTTP/1.1" 304 0
[10/Feb/2017 13:40:34] "GET /archive/2019 HTTP/1.1" 200 1849
[10/Feb/2017 13:40:34] "GET /static/css/index.css HTTP/1.1" 200 1224
[10/Feb/2017 13:40:35] "GET /static/img/logo.png HTTP/1.1" 304 0
[10/Feb/2017 13:40:35] "GET /favicon.ico HTTP/1.1" 404 3225
[10/Feb/2017 13:42:30] "GET /archive/2019 HTTP/1.1" 200 1849
[10/Feb/2017 13:42:30] "GET /static/css/index.css HTTP/1.1" 200 1226
[10/Feb/2017 13:43:20] "GET /archive/2019 HTTP/1.1" 200 1849
[10/Feb/2017 13:43:21] "GET /static/css/index.css HTTP/1.1" 200 1227
[10/Feb/2017 13:43:53] "GET /archive/2019 HTTP/1.1" 200 1849
[10/Feb/2017 13:43:53] "GET /static/css/index.css HTTP/1.1" 200 1224
[10/Feb/2017 13:44:00] "GET /about/ HTTP/1.1" 200 1759
[10/Feb/2017 13:44:00] "GET /static/css/index.css HTTP/1.1" 304 0
Performing system checks...

System check identified no issues (0 silenced).
February 10, 2017 - 10:01:19
Django version 1.8.6, using settings 'unknowname.settings'
Starting development server at http://0.0.0.0:8000/
Quit the server with CONTROL-C.
[10/Feb/2017 13:45:53] "GET /about/ HTTP/1.1" 200 1759
[10/Feb/2017 13:45:53] "GET /static/css/index.css HTTP/1.1" 304 0
[10/Feb/2017 13:45:53] "GET /about/ HTTP/1.1" 200 1759
[10/Feb/2017 13:45:55] "GET /freeswitch/list HTTP/1.1" 200 30
[10/Feb/2017 13:55:23] "GET /about/ HTTP/1.1" 200 1759
[10/Feb/2017 13:55:23] "GET /static/css/index.css HTTP/1.1" 304 0
[10/Feb/2017 13:55:28] "GET /about/ HTTP/1.1" 200 1759
[10/Feb/2017 13:55:56] "GET /about/ HTTP/1.1" 200 1729
[10/Feb/2017 13:57:21] "GET /about/ HTTP/1.1" 200 1737
[10/Feb/2017 13:57:21] "GET /static/css/index.css HTTP/1.1" 304 0
[10/Feb/2017 13:59:58] "GET /about/ HTTP/1.1" 200 1867
[10/Feb/2017 13:59:58] "GET /static/css/index.css HTTP/1.1" 304 0
[10/Feb/2017 14:01:03] "GET /about/ HTTP/1.1" 200 1927
[10/Feb/2017 14:05:59] "GET /about/ HTTP/1.1" 200 1927
[10/Feb/2017 14:05:59] "GET /static/css/index.css HTTP/1.1" 304 0
[10/Feb/2017 14:09:24] "GET /about/ HTTP/1.1" 500 153811
[10/Feb/2017 14:10:20] "GET /about/ HTTP/1.1" 500 136739
[10/Feb/2017 14:10:41] "GET /about/ HTTP/1.1" 200 1968
[10/Feb/2017 14:10:41] "GET /static/css/index.css HTTP/1.1" 304 0
[10/Feb/2017 14:10:41] "GET /static/img/github.jpeg HTTP/1.1" 404 1661
[10/Feb/2017 14:10:46] "GET /about/ HTTP/1.1" 200 1968
[10/Feb/2017 14:10:46] "GET /static/img/github.jpeg HTTP/1.1" 404 1661
[10/Feb/2017 14:11:12] "GET /about/ HTTP/1.1" 200 1967
[10/Feb/2017 14:11:13] "GET /static/img/github.jpg HTTP/1.1" 200 22478
[10/Feb/2017 14:13:23] "GET /about/ HTTP/1.1" 200 1967
[10/Feb/2017 14:13:23] "GET /static/css/index.css HTTP/1.1" 304 0
[10/Feb/2017 14:13:23] "GET /static/img/github.jpg HTTP/1.1" 304 0
[10/Feb/2017 14:15:55] "GET /about/ HTTP/1.1" 200 1967
[10/Feb/2017 14:15:55] "GET /static/img/github.ico HTTP/1.1" 200 6518
[10/Feb/2017 14:15:55] "GET /favicon.ico HTTP/1.1" 404 3225
[10/Feb/2017 14:16:11] "GET /about/ HTTP/1.1" 200 1967
[10/Feb/2017 14:16:11] "GET /static/img/github.ico HTTP/1.1" 304 0
[10/Feb/2017 14:18:34] "GET /about/ HTTP/1.1" 500 178727
[10/Feb/2017 14:18:59] "GET /about/ HTTP/1.1" 200 1976
[10/Feb/2017 14:18:59] "GET /static/css/index.css HTTP/1.1" 304 0
[10/Feb/2017 14:18:59] "GET /static/img/github.ico HTTP/1.1" 304 0
[10/Feb/2017 14:19:02] "GET /about/ HTTP/1.1" 200 1976
[10/Feb/2017 14:19:05] "GET / HTTP/1.1" 200 1883
[10/Feb/2017 14:19:07] "GET / HTTP/1.1" 200 1883
[10/Feb/2017 15:00:49] "GET /about/ HTTP/1.1" 200 1976
[10/Feb/2017 15:00:49] "GET /static/css/index.css HTTP/1.1" 304 0
[10/Feb/2017 15:00:49] "GET /static/img/github.ico HTTP/1.1" 304 0
[10/Feb/2017 15:00:49] "GET /favicon.ico HTTP/1.1" 404 3225
[10/Feb/2017 15:13:37] "GET /about/ HTTP/1.1" 200 1976
[10/Feb/2017 15:13:37] "GET /static/css/about.css HTTP/1.1" 200 1227
[10/Feb/2017 15:13:37] "GET /static/img/github.ico HTTP/1.1" 304 0
[10/Feb/2017 15:16:23] "GET /about/ HTTP/1.1" 200 1976
[10/Feb/2017 15:16:23] "GET /static/css/about.css HTTP/1.1" 304 0
[10/Feb/2017 15:16:48] "GET /about/ HTTP/1.1" 200 1976
[10/Feb/2017 15:16:48] "GET /static/css/about.css HTTP/1.1" 200 1249
[10/Feb/2017 15:17:02] "GET /about/ HTTP/1.1" 200 1976
[10/Feb/2017 15:17:02] "GET /static/css/about.css HTTP/1.1" 200 1249
[10/Feb/2017 15:17:20] "GET /about/ HTTP/1.1" 200 1976
[10/Feb/2017 15:17:20] "GET /static/css/about.css HTTP/1.1" 200 1249
[10/Feb/2017 15:17:23] "GET /about/ HTTP/1.1" 200 1976
[10/Feb/2017 15:17:23] "GET /static/css/about.css HTTP/1.1" 304 0
[10/Feb/2017 15:26:54] "GET /about/ HTTP/1.1" 200 1976
[10/Feb/2017 15:26:54] "GET /static/css/about.css HTTP/1.1" 200 1249
[10/Feb/2017 15:26:54] "GET /static/img/github.ico HTTP/1.1" 304 0
[10/Feb/2017 15:28:39] "GET /about/ HTTP/1.1" 200 1976
[10/Feb/2017 15:28:39] "GET /static/css/about.css HTTP/1.1" 200 1274
[10/Feb/2017 15:28:40] "GET /about/ HTTP/1.1" 200 1976
[10/Feb/2017 15:28:40] "GET /static/css/about.css HTTP/1.1" 304 0
[10/Feb/2017 15:29:03] "GET /about/ HTTP/1.1" 200 1976
[10/Feb/2017 15:29:03] "GET /static/css/about.css HTTP/1.1" 200 1275
[10/Feb/2017 15:29:04] "GET /about/ HTTP/1.1" 200 1976
[10/Feb/2017 15:29:04] "GET /static/css/about.css HTTP/1.1" 304 0
[10/Feb/2017 15:29:06] "GET /static/css/about.css HTTP/1.1" 304 0
[10/Feb/2017 15:30:12] "GET /about/ HTTP/1.1" 200 1976
[10/Feb/2017 15:30:12] "GET /static/css/about.css HTTP/1.1" 200 1275
[10/Feb/2017 15:30:13] "GET /about/ HTTP/1.1" 200 1976
[10/Feb/2017 15:30:13] "GET /static/css/about.css HTTP/1.1" 304 0
[10/Feb/2017 15:31:57] "GET /about/ HTTP/1.1" 200 2043
[10/Feb/2017 15:31:57] "GET /static/css/about.css HTTP/1.1" 200 1275
[10/Feb/2017 15:33:02] "GET /about/ HTTP/1.1" 200 2043
[10/Feb/2017 15:33:02] "GET /static/css/about.css HTTP/1.1" 200 1315
[10/Feb/2017 15:33:37] "GET /about/ HTTP/1.1" 200 2043
[10/Feb/2017 15:33:37] "GET /static/css/about.css HTTP/1.1" 200 1338
[10/Feb/2017 15:36:10] "GET /about/ HTTP/1.1" 200 2043
[10/Feb/2017 15:36:10] "GET /static/css/about.css HTTP/1.1" 200 1386
[10/Feb/2017 15:36:10] "GET /static/img/github.ico HTTP/1.1" 304 0
[10/Feb/2017 15:41:57] "GET /about/ HTTP/1.1" 200 2043
[10/Feb/2017 15:41:57] "GET /static/css/about.css HTTP/1.1" 304 0
[10/Feb/2017 15:42:39] "GET /about/ HTTP/1.1" 200 2043
[10/Feb/2017 15:42:39] "GET /static/css/about.css HTTP/1.1" 200 1411
[10/Feb/2017 15:42:45] "GET /about/ HTTP/1.1" 200 2043
[10/Feb/2017 15:42:45] "GET /static/css/about.css HTTP/1.1" 304 0
[10/Feb/2017 15:43:04] "GET /about/ HTTP/1.1" 200 2043
[10/Feb/2017 15:43:04] "GET /static/css/about.css HTTP/1.1" 200 1411
[10/Feb/2017 15:47:34] "GET /about/ HTTP/1.1" 200 2043
[10/Feb/2017 15:47:34] "GET /static/css/about.css HTTP/1.1" 200 1435
[10/Feb/2017 15:47:34] "GET /static/img/github.ico HTTP/1.1" 304 0
[10/Feb/2017 15:47:37] "GET /about/ HTTP/1.1" 200 2043
[10/Feb/2017 15:47:37] "GET /static/css/about.css HTTP/1.1" 200 1435
[10/Feb/2017 15:47:37] "GET /static/img/logo.png HTTP/1.1" 200 21500
[10/Feb/2017 15:47:37] "GET /static/img/github.ico HTTP/1.1" 200 6518
[10/Feb/2017 15:48:07] "GET /about/ HTTP/1.1" 200 2043
[10/Feb/2017 15:48:07] "GET /static/css/about.css HTTP/1.1" 200 1433
[10/Feb/2017 15:48:10] "GET /about/ HTTP/1.1" 200 2043
[10/Feb/2017 15:48:10] "GET /static/css/about.css HTTP/1.1" 200 1433
[10/Feb/2017 15:48:10] "GET /static/img/logo.png HTTP/1.1" 200 21500
[10/Feb/2017 15:48:10] "GET /static/img/github.ico HTTP/1.1" 200 6518
[10/Feb/2017 15:49:23] "GET /about/ HTTP/1.1" 200 2043
[10/Feb/2017 15:49:23] "GET /static/css/about.css HTTP/1.1" 200 1454
[10/Feb/2017 15:49:49] "GET /about/ HTTP/1.1" 200 2043
[10/Feb/2017 15:49:49] "GET /static/css/about.css HTTP/1.1" 200 1434
[10/Feb/2017 15:50:22] "GET /about/ HTTP/1.1" 200 2043
[10/Feb/2017 15:50:22] "GET /static/css/about.css HTTP/1.1" 200 1390
[10/Feb/2017 15:50:57] "GET /static/css/about.css HTTP/1.1" 304 0
[10/Feb/2017 15:53:01] "GET /about/ HTTP/1.1" 200 2058
[10/Feb/2017 15:53:01] "GET /static/css/about.css HTTP/1.1" 200 1388
[10/Feb/2017 15:53:45] "GET /about/ HTTP/1.1" 200 2067
[10/Feb/2017 15:53:45] "GET /static/css/about.css HTTP/1.1" 304 0
[10/Feb/2017 16:00:26] "GET /about/ HTTP/1.1" 200 2100
[10/Feb/2017 16:00:26] "GET /static/css/about.css HTTP/1.1" 304 0
[10/Feb/2017 16:00:26] "GET /static/img/email.png HTTP/1.1" 200 2764
[10/Feb/2017 16:00:26] "GET /static/img/github.ico HTTP/1.1" 304 0
[10/Feb/2017 16:01:33] "GET /about/ HTTP/1.1" 200 2100
[10/Feb/2017 16:01:33] "GET /static/css/about.css HTTP/1.1" 304 0
[10/Feb/2017 16:01:33] "GET /static/img/email.png HTTP/1.1" 200 1183
[10/Feb/2017 16:01:34] "GET /about/ HTTP/1.1" 200 2100
[10/Feb/2017 16:02:03] "GET /about/ HTTP/1.1" 200 2107
[10/Feb/2017 16:02:03] "GET /static/img/email.png HTTP/1.1" 304 0
[10/Feb/2017 16:02:46] "GET /about/ HTTP/1.1" 200 2126
[10/Feb/2017 16:02:46] "GET /static/css/about.css HTTP/1.1" 304 0
[10/Feb/2017 16:02:46] "GET /static/img/email.png HTTP/1.1" 304 0
[10/Feb/2017 16:02:48] "GET /about/ HTTP/1.1" 200 2126
[10/Feb/2017 16:03:36] "GET /about/ HTTP/1.1" 200 2126
[10/Feb/2017 16:03:37] "GET /static/img/email.png HTTP/1.1" 304 0
[10/Feb/2017 16:03:37] "GET /about/ HTTP/1.1" 200 2126
[10/Feb/2017 16:03:37] "GET /about/ HTTP/1.1" 200 2126
[10/Feb/2017 16:03:37] "GET /about/ HTTP/1.1" 200 2126
[10/Feb/2017 16:04:21] "GET /about/ HTTP/1.1" 200 2126
[10/Feb/2017 16:04:21] "GET /static/css/about.css HTTP/1.1" 200 1368
[10/Feb/2017 16:04:21] "GET /static/img/email.png HTTP/1.1" 304 0
[10/Feb/2017 16:04:22] "GET /about/ HTTP/1.1" 200 2126
[10/Feb/2017 16:04:22] "GET /static/css/about.css HTTP/1.1" 304 0
[10/Feb/2017 16:04:24] "GET /about/ HTTP/1.1" 200 2126
[10/Feb/2017 16:04:24] "GET /static/css/about.css HTTP/1.1" 200 1368
[10/Feb/2017 16:04:24] "GET /static/img/logo.png HTTP/1.1" 200 21500
[10/Feb/2017 16:04:24] "GET /static/img/email.png HTTP/1.1" 200 1183
[10/Feb/2017 16:04:24] "GET /static/img/github.ico HTTP/1.1" 200 6518
[10/Feb/2017 16:04:24] "GET /favicon.ico HTTP/1.1" 404 3225
[10/Feb/2017 16:04:35] "GET /about/ HTTP/1.1" 200 2126
[10/Feb/2017 16:04:35] "GET /static/css/about.css HTTP/1.1" 200 1369
[10/Feb/2017 16:04:35] "GET /about/ HTTP/1.1" 200 2126
[10/Feb/2017 16:04:35] "GET /static/css/about.css HTTP/1.1" 304 0
[10/Feb/2017 16:04:35] "GET /about/ HTTP/1.1" 200 2126
[10/Feb/2017 16:05:16] "GET /about/ HTTP/1.1" 200 2126
[10/Feb/2017 16:05:16] "GET /static/css/about.css HTTP/1.1" 200 1368
[10/Feb/2017 16:05:16] "GET /static/img/email.png HTTP/1.1" 304 0
[10/Feb/2017 16:06:41] "GET /about/ HTTP/1.1" 200 2167
[10/Feb/2017 16:06:41] "GET /static/css/about.css HTTP/1.1" 304 0
[10/Feb/2017 16:06:41] "GET /static/img/email.png HTTP/1.1" 304 0
[10/Feb/2017 16:10:05] "GET /about/ HTTP/1.1" 200 2205
[10/Feb/2017 16:10:05] "GET /static/css/about.css HTTP/1.1" 304 0
[10/Feb/2017 16:10:05] "GET /static/img/email.png HTTP/1.1" 304 0
[10/Feb/2017 16:10:40] "GET /about/ HTTP/1.1" 200 2208
[10/Feb/2017 16:10:40] "GET /static/css/about.css HTTP/1.1" 304 0
[10/Feb/2017 16:11:31] "GET /static/css/index.css HTTP/1.1" 200 1224
[10/Feb/2017 16:11:31] "GET /static/img/logo.png HTTP/1.1" 304 0
[10/Feb/2017 16:11:33] "GET /static/css/index.css HTTP/1.1" 304 0
[10/Feb/2017 16:11:33] "GET /static/img/logo.png HTTP/1.1" 304 0
[10/Feb/2017 16:13:38] "GET /about/ HTTP/1.1" 200 2208
[10/Feb/2017 16:13:38] "GET /static/css/about.css HTTP/1.1" 200 1368
[10/Feb/2017 16:13:38] "GET /static/img/email.png HTTP/1.1" 304 0
[10/Feb/2017 16:13:39] "GET /about/ HTTP/1.1" 200 2208
[10/Feb/2017 16:13:41] "GET / HTTP/1.1" 500 156166
[10/Feb/2017 16:14:36] "GET / HTTP/1.1" 200 1955
[10/Feb/2017 16:14:36] "GET /static/css/index.css HTTP/1.1" 304 0
[10/Feb/2017 16:17:35] "GET / HTTP/1.1" 200 1955
[10/Feb/2017 16:17:38] "GET / HTTP/1.1" 200 1955
[10/Feb/2017 16:17:38] "GET /static/css/index.css HTTP/1.1" 200 1225
[10/Feb/2017 16:17:38] "GET /static/img/logo.png HTTP/1.1" 200 21500
[10/Feb/2017 16:19:28] "GET / HTTP/1.1" 200 2034
[10/Feb/2017 16:19:29] "GET /static/css/index.css HTTP/1.1" 200 1283
[10/Feb/2017 16:19:42] "GET / HTTP/1.1" 200 2034
[10/Feb/2017 16:19:42] "GET /static/css/index.css HTTP/1.1" 200 1286
[10/Feb/2017 16:45:42] "GET /about/ HTTP/1.1" 200 2271
[10/Feb/2017 16:45:42] "GET /static/css/about.css HTTP/1.1" 304 0
[10/Feb/2017 16:45:42] "GET /static/img/email.png HTTP/1.1" 304 0
[10/Feb/2017 16:45:42] "GET /static/img/github.ico HTTP/1.1" 304 0
[10/Feb/2017 16:46:04] "GET / HTTP/1.1" 200 2034
[10/Feb/2017 16:46:04] "GET /static/css/index.css HTTP/1.1" 200 1286
[10/Feb/2017 16:46:08] "GET / HTTP/1.1" 200 2034
[10/Feb/2017 16:46:08] "GET /static/css/index.css HTTP/1.1" 200 1286
[10/Feb/2017 16:46:08] "GET /static/img/logo.png HTTP/1.1" 200 21500
[10/Feb/2017 16:47:48] "GET / HTTP/1.1" 200 2034
[10/Feb/2017 16:47:48] "GET /static/css/index.css HTTP/1.1" 200 1268
[10/Feb/2017 16:50:01] "GET / HTTP/1.1" 200 2034
[10/Feb/2017 16:50:01] "GET /static/css/index.css HTTP/1.1" 200 1274
[10/Feb/2017 16:50:20] "GET / HTTP/1.1" 200 2034
[10/Feb/2017 16:50:20] "GET /static/css/index.css HTTP/1.1" 200 1297
[10/Feb/2017 17:23:20] "GET / HTTP/1.1" 200 2034
[10/Feb/2017 17:23:20] "GET /static/css/index.css HTTP/1.1" 200 1296
[10/Feb/2017 17:23:49] "GET / HTTP/1.1" 200 2034
[10/Feb/2017 17:23:49] "GET /static/css/index.css HTTP/1.1" 200 1317
[10/Feb/2017 17:24:31] "GET / HTTP/1.1" 200 2034
[10/Feb/2017 17:24:32] "GET /static/css/index.css HTTP/1.1" 200 1316
[10/Feb/2017 17:24:55] "GET / HTTP/1.1" 200 2034
[10/Feb/2017 17:24:55] "GET /static/css/index.css HTTP/1.1" 200 1322
Performing system checks...

System check identified no issues (0 silenced).
February 10, 2017 - 13:45:48
Django version 1.8.6, using settings 'unknowname.settings'
Starting development server at http://0.0.0.0:8000/
Quit the server with CONTROL-C.
[11/Feb/2017 09:30:03] "GET / HTTP/1.1" 200 2034
[11/Feb/2017 09:30:03] "GET /static/css/index.css HTTP/1.1" 200 1322
[11/Feb/2017 09:30:04] "GET /static/img/logo.png HTTP/1.1" 200 21500
[11/Feb/2017 09:30:05] "GET /favicon.ico HTTP/1.1" 404 3225
[11/Feb/2017 09:30:23] "GET /about/ HTTP/1.1" 200 2271
[11/Feb/2017 09:30:23] "GET /static/css/about.css HTTP/1.1" 200 1368
[11/Feb/2017 09:30:23] "GET /static/img/email.png HTTP/1.1" 200 1183
[11/Feb/2017 09:30:24] "GET /static/img/github.ico HTTP/1.1" 200 6518
[11/Feb/2017 09:31:16] "GET /python/list HTTP/1.1" 500 88708
[11/Feb/2017 09:31:20] "GET /freeswitch/list HTTP/1.1" 200 30
[11/Feb/2017 09:31:25] "GET /linux/list HTTP/1.1" 200 30
[11/Feb/2017 09:31:35] "GET /python/1 HTTP/1.1" 200 1902
[11/Feb/2017 09:31:35] "GET /uploads/foot_91_20170207181131_557.jpg HTTP/1.1" 200 11974
[12/Feb/2017 09:23:04] "GET / HTTP/1.1" 200 2034
[12/Feb/2017 09:23:04] "GET /static/css/index.css HTTP/1.1" 304 0
[12/Feb/2017 09:23:04] "GET /static/img/logo.png HTTP/1.1" 304 0
[12/Feb/2017 09:24:40] "GET / HTTP/1.1" 200 2034
[12/Feb/2017 09:24:41] "GET / HTTP/1.1" 200 2034
[12/Feb/2017 09:24:56] "GET / HTTP/1.1" 200 2034
[12/Feb/2017 09:24:58] "GET / HTTP/1.1" 200 2034
[12/Feb/2017 09:25:04] "GET / HTTP/1.1" 200 2034
[12/Feb/2017 09:25:05] "GET / HTTP/1.1" 200 2034
[12/Feb/2017 09:25:05] "GET /static/css/index.css HTTP/1.1" 200 1322
[12/Feb/2017 09:25:05] "GET /static/img/logo.png HTTP/1.1" 200 21500
[12/Feb/2017 09:25:05] "GET /favicon.ico HTTP/1.1" 404 3225
[12/Feb/2017 09:25:07] "GET / HTTP/1.1" 200 2034
[12/Feb/2017 09:25:07] "GET /static/css/index.css HTTP/1.1" 200 1322
[12/Feb/2017 09:25:07] "GET /static/img/logo.png HTTP/1.1" 200 21500
[12/Feb/2017 09:25:07] "GET /favicon.ico HTTP/1.1" 404 3225
[12/Feb/2017 09:25:30] "GET / HTTP/1.1" 200 2034
[12/Feb/2017 09:25:30] "GET /static/css/index.css HTTP/1.1" 200 1343
[12/Feb/2017 09:25:30] "GET /static/img/logo.png HTTP/1.1" 200 21500
[12/Feb/2017 09:25:30] "GET /favicon.ico HTTP/1.1" 404 3225
[12/Feb/2017 09:26:14] "GET / HTTP/1.1" 200 2034
[12/Feb/2017 09:26:14] "GET /static/css/index.css HTTP/1.1" 200 1340
[12/Feb/2017 09:26:14] "GET /static/img/logo.png HTTP/1.1" 200 21500
[12/Feb/2017 09:26:15] "GET /favicon.ico HTTP/1.1" 404 3225
[12/Feb/2017 09:26:31] "GET / HTTP/1.1" 200 2034
[12/Feb/2017 09:26:31] "GET /static/css/index.css HTTP/1.1" 200 1341
[12/Feb/2017 09:26:31] "GET /static/img/logo.png HTTP/1.1" 200 21500
[12/Feb/2017 09:26:31] "GET /favicon.ico HTTP/1.1" 404 3225
[12/Feb/2017 09:27:10] "GET / HTTP/1.1" 200 2034
[12/Feb/2017 09:27:10] "GET /static/css/index.css HTTP/1.1" 200 1342
[12/Feb/2017 09:27:10] "GET /static/img/logo.png HTTP/1.1" 200 21500
[12/Feb/2017 09:27:10] "GET /favicon.ico HTTP/1.1" 404 3225
[12/Feb/2017 09:27:53] "GET /static/css/index.css HTTP/1.1" 304 0
[12/Feb/2017 09:28:50] "GET / HTTP/1.1" 200 2034
[12/Feb/2017 09:28:51] "GET /static/css/index.css HTTP/1.1" 200 1337
[12/Feb/2017 09:28:51] "GET /static/img/logo.png HTTP/1.1" 200 21500
[12/Feb/2017 09:28:51] "GET /favicon.ico HTTP/1.1" 404 3225
[12/Feb/2017 09:28:52] "GET / HTTP/1.1" 200 2034
[12/Feb/2017 09:28:52] "GET /static/css/index.css HTTP/1.1" 200 1337
[12/Feb/2017 09:28:52] "GET /static/img/logo.png HTTP/1.1" 200 21500
[12/Feb/2017 09:28:52] "GET /favicon.ico HTTP/1.1" 404 3225
[12/Feb/2017 09:28:53] "GET / HTTP/1.1" 200 2034
[12/Feb/2017 09:28:53] "GET /static/css/index.css HTTP/1.1" 200 1337
[12/Feb/2017 09:28:53] "GET /static/img/logo.png HTTP/1.1" 200 21500
[12/Feb/2017 09:28:53] "GET /favicon.ico HTTP/1.1" 404 3225
[12/Feb/2017 09:29:20] "GET / HTTP/1.1" 200 2034
[12/Feb/2017 09:29:20] "GET /static/css/index.css HTTP/1.1" 200 1338
[12/Feb/2017 09:29:20] "GET /static/img/logo.png HTTP/1.1" 200 21500
[12/Feb/2017 09:29:20] "GET /favicon.ico HTTP/1.1" 404 3225
[12/Feb/2017 09:29:59] "GET / HTTP/1.1" 200 2034
[12/Feb/2017 09:29:59] "GET /static/css/index.css HTTP/1.1" 200 1290
[12/Feb/2017 09:30:00] "GET /static/img/logo.png HTTP/1.1" 200 21500
[12/Feb/2017 09:30:00] "GET /favicon.ico HTTP/1.1" 404 3225
[12/Feb/2017 09:35:23] "GET /python/list HTTP/1.1" 500 88708
[12/Feb/2017 09:35:28] "GET /freeswitch/list HTTP/1.1" 200 30
[12/Feb/2017 09:35:33] "GET /python/1 HTTP/1.1" 200 1902
[12/Feb/2017 09:35:33] "GET /uploads/foot_91_20170207181131_557.jpg HTTP/1.1" 304 0
[12/Feb/2017 09:36:48] "GET /freeswitch/list HTTP/1.1" 200 30
[12/Feb/2017 14:44:10] "GET / HTTP/1.1" 200 2034
[12/Feb/2017 14:44:10] "GET /static/css/index.css HTTP/1.1" 200 1284
[12/Feb/2017 14:44:13] "GET / HTTP/1.1" 200 2034
[12/Feb/2017 14:44:13] "GET /static/css/index.css HTTP/1.1" 200 1284
[12/Feb/2017 14:44:13] "GET /static/img/logo.png HTTP/1.1" 200 21500
[12/Feb/2017 14:44:13] "GET /favicon.ico HTTP/1.1" 404 3225
[12/Feb/2017 14:44:14] "GET / HTTP/1.1" 200 2034
[12/Feb/2017 14:44:14] "GET /static/css/index.css HTTP/1.1" 200 1284
[12/Feb/2017 14:44:14] "GET /static/img/logo.png HTTP/1.1" 200 21500
[12/Feb/2017 14:44:14] "GET /favicon.ico HTTP/1.1" 404 3225
[12/Feb/2017 14:44:28] "GET / HTTP/1.1" 200 2034
[12/Feb/2017 14:44:28] "GET /static/css/index.css HTTP/1.1" 200 1285
[12/Feb/2017 14:44:29] "GET / HTTP/1.1" 200 2034
[12/Feb/2017 14:44:29] "GET /static/css/index.css HTTP/1.1" 304 0
[12/Feb/2017 14:44:45] "GET / HTTP/1.1" 200 2034
[12/Feb/2017 14:44:45] "GET /static/css/index.css HTTP/1.1" 200 1285
[12/Feb/2017 14:44:45] "GET /static/img/logo.png HTTP/1.1" 200 21500
[12/Feb/2017 14:44:45] "GET /favicon.ico HTTP/1.1" 404 3225
[12/Feb/2017 14:46:20] "GET / HTTP/1.1" 200 2034
[12/Feb/2017 14:46:20] "GET /static/css/index.css HTTP/1.1" 200 1317
[12/Feb/2017 14:46:20] "GET /static/img/logo.png HTTP/1.1" 200 21500
[12/Feb/2017 14:46:20] "GET /favicon.ico HTTP/1.1" 404 3225
[12/Feb/2017 14:46:21] "GET / HTTP/1.1" 200 2034
[12/Feb/2017 14:46:21] "GET /static/css/index.css HTTP/1.1" 200 1317
[12/Feb/2017 14:46:21] "GET /static/img/logo.png HTTP/1.1" 200 21500
[12/Feb/2017 14:46:21] "GET /favicon.ico HTTP/1.1" 404 3225
[12/Feb/2017 14:46:22] "GET / HTTP/1.1" 200 2034
[12/Feb/2017 14:46:22] "GET /static/css/index.css HTTP/1.1" 200 1317
[12/Feb/2017 14:46:22] "GET /static/img/logo.png HTTP/1.1" 200 21500
[12/Feb/2017 14:46:22] "GET /favicon.ico HTTP/1.1" 404 3225
[12/Feb/2017 14:46:55] "GET / HTTP/1.1" 200 2034
[12/Feb/2017 14:46:55] "GET /static/css/index.css HTTP/1.1" 200 1334
[12/Feb/2017 14:46:55] "GET /static/img/logo.png HTTP/1.1" 200 21500
[12/Feb/2017 14:46:55] "GET /favicon.ico HTTP/1.1" 404 3225
[12/Feb/2017 14:46:56] "GET / HTTP/1.1" 200 2034
[12/Feb/2017 14:46:56] "GET /static/css/index.css HTTP/1.1" 200 1334
[12/Feb/2017 14:46:56] "GET /static/img/logo.png HTTP/1.1" 200 21500
[12/Feb/2017 14:46:56] "GET /favicon.ico HTTP/1.1" 404 3225
[12/Feb/2017 14:47:36] "GET / HTTP/1.1" 200 2034
[12/Feb/2017 14:47:36] "GET /static/css/index.css HTTP/1.1" 200 1260
[12/Feb/2017 14:47:36] "GET /static/img/logo.png HTTP/1.1" 200 21500
[12/Feb/2017 14:47:37] "GET /favicon.ico HTTP/1.1" 404 3225
[12/Feb/2017 14:47:37] "GET / HTTP/1.1" 200 2034
[12/Feb/2017 14:47:38] "GET /static/css/index.css HTTP/1.1" 200 1260
[12/Feb/2017 14:47:38] "GET /static/img/logo.png HTTP/1.1" 200 21500
[12/Feb/2017 14:47:38] "GET /favicon.ico HTTP/1.1" 404 3225
[12/Feb/2017 14:47:54] "GET /static/css/index.css HTTP/1.1" 304 0
[12/Feb/2017 14:48:26] "GET / HTTP/1.1" 200 2034
[12/Feb/2017 14:48:26] "GET /static/css/index.css HTTP/1.1" 304 0
[12/Feb/2017 14:48:29] "GET / HTTP/1.1" 200 2034
[12/Feb/2017 14:54:05] "GET / HTTP/1.1" 200 2034
[12/Feb/2017 14:54:05] "GET /static/css/index.css HTTP/1.1" 200 1263
[12/Feb/2017 14:54:05] "GET /static/img/logo.png HTTP/1.1" 200 21500
[12/Feb/2017 14:54:05] "GET /favicon.ico HTTP/1.1" 404 3225
[12/Feb/2017 14:54:30] "GET / HTTP/1.1" 200 2034
[12/Feb/2017 14:54:30] "GET /static/css/index.css HTTP/1.1" 200 1264
[12/Feb/2017 14:54:35] "GET / HTTP/1.1" 200 2034
[12/Feb/2017 14:54:35] "GET /static/css/index.css HTTP/1.1" 200 1264
[12/Feb/2017 14:54:35] "GET /static/img/logo.png HTTP/1.1" 200 21500
[12/Feb/2017 14:54:35] "GET /favicon.ico HTTP/1.1" 404 3225
[12/Feb/2017 14:55:24] "GET /static/css/index.css HTTP/1.1" 200 1264
[12/Feb/2017 14:58:11] "GET / HTTP/1.1" 200 2034
[12/Feb/2017 14:58:11] "GET /static/css/index.css HTTP/1.1" 200 1260
[12/Feb/2017 14:58:12] "GET / HTTP/1.1" 200 2034
[12/Feb/2017 14:58:12] "GET /static/css/index.css HTTP/1.1" 200 1260
[12/Feb/2017 14:58:13] "GET /static/img/logo.png HTTP/1.1" 200 21500
[12/Feb/2017 14:58:13] "GET /favicon.ico HTTP/1.1" 404 3225
[12/Feb/2017 14:58:14] "GET / HTTP/1.1" 200 2034
[12/Feb/2017 14:58:14] "GET /static/css/index.css HTTP/1.1" 200 1260
[12/Feb/2017 14:58:14] "GET /static/img/logo.png HTTP/1.1" 200 21500
[12/Feb/2017 14:58:14] "GET /favicon.ico HTTP/1.1" 404 3225
[12/Feb/2017 14:58:18] "GET / HTTP/1.1" 200 2034
[12/Feb/2017 14:58:18] "GET /static/css/index.css HTTP/1.1" 200 1260
[12/Feb/2017 14:58:18] "GET /static/img/logo.png HTTP/1.1" 200 21500
[12/Feb/2017 14:58:18] "GET /favicon.ico HTTP/1.1" 404 3225
[12/Feb/2017 14:58:19] "GET / HTTP/1.1" 200 2034
[12/Feb/2017 14:58:19] "GET /static/css/index.css HTTP/1.1" 200 1260
[12/Feb/2017 14:58:19] "GET /static/img/logo.png HTTP/1.1" 200 21500
[12/Feb/2017 14:58:19] "GET /favicon.ico HTTP/1.1" 404 3225
[12/Feb/2017 14:58:36] "GET / HTTP/1.1" 200 2034
[12/Feb/2017 14:58:36] "GET /static/css/index.css HTTP/1.1" 200 1259
[12/Feb/2017 14:58:37] "GET / HTTP/1.1" 200 2034
[12/Feb/2017 14:58:37] "GET /static/css/index.css HTTP/1.1" 304 0
[12/Feb/2017 15:16:52] "GET / HTTP/1.1" 200 2034
[12/Feb/2017 15:16:52] "GET /static/css/index.css HTTP/1.1" 200 1286
[12/Feb/2017 15:16:52] "GET /static/img/logo.png HTTP/1.1" 200 21500
[12/Feb/2017 15:16:52] "GET /favicon.ico HTTP/1.1" 404 3225
[12/Feb/2017 15:18:37] "GET / HTTP/1.1" 200 2034
[12/Feb/2017 15:18:38] "GET /static/css/index.css HTTP/1.1" 200 1287
[12/Feb/2017 15:19:13] "GET /static/css/index.css HTTP/1.1" 304 0
[12/Feb/2017 15:20:01] "GET / HTTP/1.1" 200 2034
[12/Feb/2017 15:20:02] "GET /static/css/index.css HTTP/1.1" 200 1288
[12/Feb/2017 15:20:37] "GET / HTTP/1.1" 200 2034
[12/Feb/2017 15:20:37] "GET /static/css/index.css HTTP/1.1" 200 1287
[12/Feb/2017 15:22:18] "GET / HTTP/1.1" 200 2034
[12/Feb/2017 15:22:18] "GET /static/css/index.css HTTP/1.1" 200 1307
[12/Feb/2017 15:24:41] "GET / HTTP/1.1" 200 2034
[12/Feb/2017 15:24:41] "GET /static/css/index.css HTTP/1.1" 200 1339
[12/Feb/2017 15:25:20] "GET / HTTP/1.1" 200 2034
[12/Feb/2017 15:25:20] "GET /static/css/index.css HTTP/1.1" 200 1359
[12/Feb/2017 15:25:58] "GET / HTTP/1.1" 200 2034
[12/Feb/2017 15:25:58] "GET /static/css/index.css HTTP/1.1" 200 1363
[12/Feb/2017 15:28:07] "GET / HTTP/1.1" 200 2034
[12/Feb/2017 15:28:07] "GET /static/css/index.css HTTP/1.1" 200 1364
[12/Feb/2017 15:28:08] "GET / HTTP/1.1" 200 2034
[12/Feb/2017 15:28:08] "GET /static/css/index.css HTTP/1.1" 304 0
[12/Feb/2017 15:28:46] "GET / HTTP/1.1" 200 2034
[12/Feb/2017 15:28:46] "GET /static/css/index.css HTTP/1.1" 200 1383
[12/Feb/2017 15:29:46] "GET / HTTP/1.1" 200 2034
[12/Feb/2017 15:29:46] "GET /static/css/index.css HTTP/1.1" 200 1348
[12/Feb/2017 15:30:17] "GET / HTTP/1.1" 200 2034
[12/Feb/2017 15:30:17] "GET /static/css/index.css HTTP/1.1" 304 0
[12/Feb/2017 15:30:36] "GET / HTTP/1.1" 200 2034
[12/Feb/2017 15:30:36] "GET /static/css/index.css HTTP/1.1" 200 1366
[12/Feb/2017 15:31:10] "GET / HTTP/1.1" 200 2034
[12/Feb/2017 15:31:11] "GET /static/css/index.css HTTP/1.1" 200 1348
[12/Feb/2017 15:31:29] "GET / HTTP/1.1" 200 2034
[12/Feb/2017 15:31:29] "GET /static/css/index.css HTTP/1.1" 304 0
[12/Feb/2017 15:32:12] "GET / HTTP/1.1" 200 2034
[12/Feb/2017 15:32:12] "GET /static/css/index.css HTTP/1.1" 200 1347
[12/Feb/2017 15:32:14] "GET / HTTP/1.1" 200 2034
[12/Feb/2017 15:32:14] "GET /static/css/index.css HTTP/1.1" 200 1347
[12/Feb/2017 15:32:15] "GET /static/img/logo.png HTTP/1.1" 200 21500
[12/Feb/2017 15:32:15] "GET /favicon.ico HTTP/1.1" 404 3225
[12/Feb/2017 15:33:46] "GET / HTTP/1.1" 200 2034
[12/Feb/2017 15:33:46] "GET /static/css/index.css HTTP/1.1" 304 0
[12/Feb/2017 15:45:43] "GET / HTTP/1.1" 200 2034
[12/Feb/2017 15:45:43] "GET /static/css/index.css HTTP/1.1" 200 1371
[12/Feb/2017 15:45:47] "GET / HTTP/1.1" 200 2034
[12/Feb/2017 15:45:48] "GET /static/css/index.css HTTP/1.1" 304 0
[12/Feb/2017 15:46:09] "GET / HTTP/1.1" 200 2034
[12/Feb/2017 15:46:09] "GET /static/css/index.css HTTP/1.1" 200 1371
[12/Feb/2017 15:46:46] "GET / HTTP/1.1" 200 2034
[12/Feb/2017 15:46:46] "GET /static/css/index.css HTTP/1.1" 200 1325
[12/Feb/2017 15:47:14] "GET / HTTP/1.1" 200 2034
[12/Feb/2017 15:47:14] "GET /static/css/index.css HTTP/1.1" 200 1347
[12/Feb/2017 15:47:42] "GET / HTTP/1.1" 200 2034
[12/Feb/2017 15:47:42] "GET /static/css/index.css HTTP/1.1" 200 1347
[12/Feb/2017 15:47:43] "GET / HTTP/1.1" 200 2034
[12/Feb/2017 15:47:43] "GET /static/css/index.css HTTP/1.1" 304 0
[12/Feb/2017 15:47:57] "GET / HTTP/1.1" 200 2034
[12/Feb/2017 15:47:57] "GET /static/css/index.css HTTP/1.1" 200 1348
[12/Feb/2017 15:48:52] "GET / HTTP/1.1" 200 2034
[12/Feb/2017 15:48:52] "GET /static/css/index.css HTTP/1.1" 200 1347
[12/Feb/2017 15:49:43] "GET / HTTP/1.1" 200 2034
[12/Feb/2017 15:49:43] "GET /static/css/index.css HTTP/1.1" 200 1349
[12/Feb/2017 15:50:15] "GET / HTTP/1.1" 200 2034
[12/Feb/2017 15:50:16] "GET /static/css/index.css HTTP/1.1" 200 1349
[12/Feb/2017 15:50:56] "GET / HTTP/1.1" 200 2034
[12/Feb/2017 15:50:56] "GET /static/css/index.css HTTP/1.1" 200 1350
[13/Feb/2017 09:21:17] "GET / HTTP/1.1" 200 2034
[13/Feb/2017 09:21:17] "GET /static/css/index.css HTTP/1.1" 200 1343
[13/Feb/2017 09:21:17] "GET /static/img/logo.png HTTP/1.1" 304 0
[13/Feb/2017 09:21:17] "GET /favicon.ico HTTP/1.1" 404 3225
[13/Feb/2017 09:21:40] "GET / HTTP/1.1" 200 2034
[13/Feb/2017 09:21:40] "GET /static/css/index.css HTTP/1.1" 200 1345
[13/Feb/2017 09:23:26] "GET / HTTP/1.1" 200 2034
[13/Feb/2017 09:23:26] "GET /static/css/index.css HTTP/1.1" 200 1323
[13/Feb/2017 09:23:40] "GET / HTTP/1.1" 200 2034
[13/Feb/2017 09:23:40] "GET /static/css/index.css HTTP/1.1" 200 1323
[13/Feb/2017 09:23:52] "GET / HTTP/1.1" 200 2034
[13/Feb/2017 09:23:52] "GET /static/css/index.css HTTP/1.1" 200 1344
[13/Feb/2017 09:23:53] "GET / HTTP/1.1" 200 2034
[13/Feb/2017 09:23:53] "GET /static/css/index.css HTTP/1.1" 304 0
[13/Feb/2017 09:23:54] "GET / HTTP/1.1" 200 2034
[13/Feb/2017 09:23:54] "GET /static/css/index.css HTTP/1.1" 304 0
[13/Feb/2017 09:23:54] "GET / HTTP/1.1" 200 2034
[13/Feb/2017 09:23:54] "GET /static/css/index.css HTTP/1.1" 304 0
[13/Feb/2017 09:24:17] "GET / HTTP/1.1" 200 2034
[13/Feb/2017 09:24:17] "GET /static/css/index.css HTTP/1.1" 200 1345
[13/Feb/2017 09:24:41] "GET / HTTP/1.1" 200 2034
[13/Feb/2017 09:24:42] "GET /static/css/index.css HTTP/1.1" 304 0
[13/Feb/2017 09:26:46] "GET / HTTP/1.1" 200 2034
[13/Feb/2017 09:26:46] "GET /static/css/index.css HTTP/1.1" 200 1358
[13/Feb/2017 09:27:05] "GET / HTTP/1.1" 200 2034
[13/Feb/2017 09:27:05] "GET /static/css/index.css HTTP/1.1" 200 1358
[13/Feb/2017 09:27:20] "GET / HTTP/1.1" 200 2034
[13/Feb/2017 09:27:20] "GET /static/css/index.css HTTP/1.1" 200 1358
[13/Feb/2017 09:27:43] "GET / HTTP/1.1" 200 2034
[13/Feb/2017 09:27:43] "GET /static/css/index.css HTTP/1.1" 200 1358
[13/Feb/2017 09:27:58] "GET / HTTP/1.1" 200 2034
[13/Feb/2017 09:27:58] "GET /static/css/index.css HTTP/1.1" 200 1357
[13/Feb/2017 09:27:59] "GET / HTTP/1.1" 200 2034
[13/Feb/2017 09:27:59] "GET /static/css/index.css HTTP/1.1" 304 0
[13/Feb/2017 09:28:00] "GET / HTTP/1.1" 200 2034
[13/Feb/2017 09:28:00] "GET /static/css/index.css HTTP/1.1" 304 0
[13/Feb/2017 09:28:15] "GET / HTTP/1.1" 200 2034
[13/Feb/2017 09:28:15] "GET /static/css/index.css HTTP/1.1" 200 1358
[13/Feb/2017 10:32:55] "GET / HTTP/1.1" 200 2034
[13/Feb/2017 10:32:56] "GET /static/img/logo.png HTTP/1.1" 200 21500
[13/Feb/2017 10:32:56] "GET /static/css/index.css HTTP/1.1" 200 1359
[13/Feb/2017 10:32:56] "GET /favicon.ico HTTP/1.1" 404 3225
[13/Feb/2017 10:34:14] "GET / HTTP/1.1" 200 2034
[13/Feb/2017 10:34:14] "GET /static/css/index.css HTTP/1.1" 200 1357
[13/Feb/2017 10:34:14] "GET /static/img/logo.png HTTP/1.1" 304 0
[13/Feb/2017 10:34:14] "GET /favicon.ico HTTP/1.1" 404 3225
[13/Feb/2017 10:34:20] "GET / HTTP/1.1" 200 2034
[13/Feb/2017 10:34:20] "GET /static/css/index.css HTTP/1.1" 304 0
[13/Feb/2017 10:34:20] "GET /static/img/logo.png HTTP/1.1" 304 0
[13/Feb/2017 10:34:20] "GET /favicon.ico HTTP/1.1" 404 3225
[13/Feb/2017 10:37:32] "GET / HTTP/1.1" 200 2034
[13/Feb/2017 10:37:32] "GET /static/css/index.css HTTP/1.1" 200 1358
[13/Feb/2017 10:37:32] "GET /static/img/logo.png HTTP/1.1" 304 0
[13/Feb/2017 10:37:33] "GET /favicon.ico HTTP/1.1" 404 3225
[13/Feb/2017 10:43:35] "GET / HTTP/1.1" 200 2034
[13/Feb/2017 10:43:35] "GET /static/css/index.css HTTP/1.1" 200 1357
[13/Feb/2017 10:43:35] "GET /favicon.ico HTTP/1.1" 404 3225
[13/Feb/2017 10:43:36] "GET / HTTP/1.1" 200 2034
[13/Feb/2017 10:43:36] "GET /static/css/index.css HTTP/1.1" 304 0
[13/Feb/2017 10:43:37] "GET /static/img/logo.png HTTP/1.1" 304 0
[13/Feb/2017 10:43:37] "GET /favicon.ico HTTP/1.1" 404 3225
[13/Feb/2017 10:52:02] "GET / HTTP/1.1" 200 2034
[13/Feb/2017 10:52:02] "GET /static/css/index.css HTTP/1.1" 200 1357
[13/Feb/2017 15:55:47] "GET / HTTP/1.1" 200 2034
[13/Feb/2017 15:55:47] "GET /static/css/index.css HTTP/1.1" 304 0
[13/Feb/2017 15:57:01] "GET / HTTP/1.1" 200 2034
[13/Feb/2017 15:57:02] "GET / HTTP/1.1" 200 2034
[13/Feb/2017 15:57:03] "GET / HTTP/1.1" 200 2034
[13/Feb/2017 15:57:04] "GET / HTTP/1.1" 200 2034
[13/Feb/2017 15:57:04] "GET /static/css/index.css HTTP/1.1" 200 1357
[13/Feb/2017 15:57:04] "GET /static/img/logo.png HTTP/1.1" 200 21500
[13/Feb/2017 15:57:04] "GET /favicon.ico HTTP/1.1" 404 3225
[13/Feb/2017 15:57:32] "GET / HTTP/1.1" 200 2062
[13/Feb/2017 15:57:32] "GET /static/css/index.css HTTP/1.1" 200 1357
[13/Feb/2017 15:57:32] "GET /static/img/logo.png HTTP/1.1" 200 21500
[13/Feb/2017 15:57:32] "GET /favicon.ico HTTP/1.1" 404 3225
[13/Feb/2017 15:58:10] "GET / HTTP/1.1" 200 2034
[13/Feb/2017 15:58:18] "GET / HTTP/1.1" 200 2034
[13/Feb/2017 15:58:18] "GET /static/css/index.css HTTP/1.1" 200 1358
[13/Feb/2017 15:58:18] "GET /static/img/logo.png HTTP/1.1" 200 21500
[13/Feb/2017 15:58:19] "GET /favicon.ico HTTP/1.1" 404 3225
[13/Feb/2017 16:10:05] "GET / HTTP/1.1" 200 2046
[13/Feb/2017 16:10:05] "GET /static/css/index.css HTTP/1.1" 200 1360
[13/Feb/2017 16:10:07] "GET /archive/2017 HTTP/1.1" 200 1907
[13/Feb/2017 16:17:42] "GET /archive/2017 HTTP/1.1" 200 1925
[13/Feb/2017 16:17:42] "GET /static/css/index.css HTTP/1.1" 304 0
[13/Feb/2017 16:18:43] "GET /archive/2017 HTTP/1.1" 200 1860
[13/Feb/2017 16:18:49] "GET / HTTP/1.1" 200 2005
[13/Feb/2017 16:20:34] "GET /archive/2017 HTTP/1.1" 200 1867
[13/Feb/2017 16:20:34] "GET /static/css/index.css HTTP/1.1" 304 0
[13/Feb/2017 16:20:36] "GET /archive/2017 HTTP/1.1" 200 1867
[13/Feb/2017 16:21:33] "GET /archive/2017 HTTP/1.1" 200 1882
[13/Feb/2017 16:23:29] "GET /archive/2017 HTTP/1.1" 500 176375
[13/Feb/2017 16:24:42] "GET /archive/2017 HTTP/1.1" 200 1906
[13/Feb/2017 16:24:42] "GET /static/css/index.css HTTP/1.1" 304 0
[13/Feb/2017 16:24:45] "GET /python/1 HTTP/1.1" 200 1837
[13/Feb/2017 16:24:45] "GET /uploads/foot_91_20170207181131_557.jpg HTTP/1.1" 304 0
[13/Feb/2017 16:25:17] "GET /archive/2017 HTTP/1.1" 200 1906
[13/Feb/2017 16:38:28] "GET /archive/2017 HTTP/1.1" 200 1906
[13/Feb/2017 16:38:28] "GET /static/css/index.css HTTP/1.1" 304 0
[13/Feb/2017 16:38:31] "GET / HTTP/1.1" 200 2012
[13/Feb/2017 16:39:11] "GET / HTTP/1.1" 200 2012
[13/Feb/2017 16:39:12] "GET / HTTP/1.1" 200 2012
[13/Feb/2017 16:39:13] "GET / HTTP/1.1" 200 2012
[13/Feb/2017 16:39:13] "GET /static/css/index.css HTTP/1.1" 200 1385
[13/Feb/2017 16:39:13] "GET /static/img/logo.png HTTP/1.1" 200 21500
[13/Feb/2017 16:39:13] "GET /favicon.ico HTTP/1.1" 404 3225
[13/Feb/2017 16:39:25] "GET /static/css/index.css HTTP/1.1" 304 0
[13/Feb/2017 16:50:19] "GET / HTTP/1.1" 200 2012
[13/Feb/2017 16:50:19] "GET /static/css/index.css HTTP/1.1" 200 1379
[13/Feb/2017 16:50:36] "GET / HTTP/1.1" 200 2012
[13/Feb/2017 16:50:39] "GET / HTTP/1.1" 200 2012
[13/Feb/2017 16:50:39] "GET /static/css/index.css HTTP/1.1" 200 1380
[13/Feb/2017 16:50:39] "GET /static/img/logo.png HTTP/1.1" 200 21500
[13/Feb/2017 16:50:39] "GET /favicon.ico HTTP/1.1" 404 3225
[13/Feb/2017 16:51:05] "GET / HTTP/1.1" 200 2012
[13/Feb/2017 16:51:05] "GET /static/css/index.css HTTP/1.1" 200 1400
[13/Feb/2017 16:51:05] "GET /static/img/logo.png HTTP/1.1" 200 21500
[13/Feb/2017 16:51:05] "GET /favicon.ico HTTP/1.1" 404 3225
[13/Feb/2017 16:51:06] "GET / HTTP/1.1" 200 2012
[13/Feb/2017 16:51:06] "GET /static/css/index.css HTTP/1.1" 200 1400
[13/Feb/2017 16:51:06] "GET /static/img/logo.png HTTP/1.1" 200 21500
[13/Feb/2017 16:51:06] "GET /favicon.ico HTTP/1.1" 404 3225
[13/Feb/2017 16:51:10] "GET /static/css/index.css HTTP/1.1" 304 0
[13/Feb/2017 16:53:10] "GET / HTTP/1.1" 200 2012
[13/Feb/2017 16:53:10] "GET /static/css/index.css HTTP/1.1" 200 1401
[13/Feb/2017 16:53:58] "GET / HTTP/1.1" 200 2012
[13/Feb/2017 16:53:58] "GET /static/css/index.css HTTP/1.1" 200 1405
[13/Feb/2017 16:58:55] "GET /admin/ HTTP/1.1" 200 16850
[13/Feb/2017 16:58:57] "GET /admin/blog/articles/ HTTP/1.1" 200 13676
[13/Feb/2017 16:58:57] "GET /admin/jsi18n/ HTTP/1.1" 200 6538
[13/Feb/2017 16:58:58] "GET /admin/blog/articles/add/ HTTP/1.1" 200 18407
[13/Feb/2017 16:58:58] "GET /static/ueditor/ueditor.all.min.js HTTP/1.1" 304 0
[13/Feb/2017 16:58:58] "GET /admin/jsi18n/ HTTP/1.1" 200 6538
[13/Feb/2017 16:58:58] "GET /ueditor/controller/?imagePathFormat=&filePathFormat=&action=config&&noCache=1486976331806 HTTP/1.1" 200 2171
[13/Feb/2017 16:59:37] "POST /admin/blog/articles/add/ HTTP/1.1" 302 0
[13/Feb/2017 16:59:38] "GET /admin/blog/articles/ HTTP/1.1" 200 14200
[13/Feb/2017 16:59:38] "GET /admin/jsi18n/ HTTP/1.1" 200 6538
[13/Feb/2017 17:08:03] "GET / HTTP/1.1" 200 2088
[13/Feb/2017 17:08:03] "GET /static/css/index.css HTTP/1.1" 304 0
[13/Feb/2017 17:08:05] "GET /about/ HTTP/1.1" 200 2206
[13/Feb/2017 17:08:05] "GET /static/css/about.css HTTP/1.1" 304 0
[13/Feb/2017 17:08:05] "GET /static/img/email.png HTTP/1.1" 304 0
[13/Feb/2017 17:08:05] "GET /static/img/github.ico HTTP/1.1" 304 0
[13/Feb/2017 17:08:09] "GET / HTTP/1.1" 200 2088
[13/Feb/2017 17:08:10] "GET /python/1 HTTP/1.1" 200 1909
[13/Feb/2017 18:04:07] "GET / HTTP/1.1" 200 2088
[13/Feb/2017 18:04:07] "GET /static/css/index.css HTTP/1.1" 304 0
[13/Feb/2017 18:04:09] "GET /python/1 HTTP/1.1" 200 1909
[13/Feb/2017 18:08:33] "GET /python/1 HTTP/1.1" 200 2064
[13/Feb/2017 18:09:52] "GET /python/1 HTTP/1.1" 200 2065
[13/Feb/2017 18:09:52] "GET /static/css/detail.css HTTP/1.1" 200 1218
[13/Feb/2017 18:09:53] "GET /python/1 HTTP/1.1" 200 2065
[13/Feb/2017 18:09:53] "GET /static/css/detail.css HTTP/1.1" 304 0
[13/Feb/2017 18:09:54] "GET /python/1 HTTP/1.1" 200 2065
[13/Feb/2017 18:09:54] "GET /static/css/detail.css HTTP/1.1" 200 1218
[13/Feb/2017 18:09:54] "GET /static/img/logo.png HTTP/1.1" 200 21500
[13/Feb/2017 18:09:54] "GET /uploads/foot_91_20170207181131_557.jpg HTTP/1.1" 200 11974
[13/Feb/2017 18:09:54] "GET /favicon.ico HTTP/1.1" 404 3225
[14/Feb/2017 09:00:28] "GET / HTTP/1.1" 200 2088
[14/Feb/2017 09:00:28] "GET /static/css/index.css HTTP/1.1" 304 0
[14/Feb/2017 09:00:30] "GET /static/img/logo.png HTTP/1.1" 304 0
[14/Feb/2017 09:00:31] "GET /favicon.ico HTTP/1.1" 404 3225
[14/Feb/2017 09:00:37] "GET /archive/2017 HTTP/1.1" 200 1951
[14/Feb/2017 09:00:42] "GET /about/ HTTP/1.1" 200 2206
[14/Feb/2017 09:00:42] "GET /static/css/about.css HTTP/1.1" 304 0
[14/Feb/2017 09:00:42] "GET /static/img/email.png HTTP/1.1" 304 0
[14/Feb/2017 09:00:42] "GET /static/img/github.ico HTTP/1.1" 304 0
[14/Feb/2017 09:03:03] "GET /about/ HTTP/1.1" 200 2206
[14/Feb/2017 09:03:04] "GET /about/ HTTP/1.1" 200 2206
[14/Feb/2017 09:03:04] "GET /about/ HTTP/1.1" 200 2206
[14/Feb/2017 09:03:37] "GET /about/ HTTP/1.1" 200 2206
[14/Feb/2017 09:03:47] "GET /about/ HTTP/1.1" 200 2206
[14/Feb/2017 09:03:47] "GET /static/css/about.css HTTP/1.1" 200 1393
[14/Feb/2017 09:03:47] "GET /static/img/logo.png HTTP/1.1" 200 21500
[14/Feb/2017 09:03:47] "GET /static/img/email.png HTTP/1.1" 200 1183
[14/Feb/2017 09:03:47] "GET /static/img/github.ico HTTP/1.1" 200 6518
[14/Feb/2017 09:04:03] "GET /about/ HTTP/1.1" 200 2206
[14/Feb/2017 09:04:03] "GET /static/css/about.css HTTP/1.1" 200 1397
[14/Feb/2017 09:05:00] "GET /about/ HTTP/1.1" 200 2206
[14/Feb/2017 09:05:00] "GET /static/css/about.css HTTP/1.1" 200 1395
[14/Feb/2017 09:05:02] "GET /about/ HTTP/1.1" 200 2206
[14/Feb/2017 09:05:02] "GET /static/css/about.css HTTP/1.1" 200 1395
[14/Feb/2017 09:05:02] "GET /static/img/logo.png HTTP/1.1" 200 21500
[14/Feb/2017 09:05:02] "GET /static/img/email.png HTTP/1.1" 200 1183
[14/Feb/2017 09:05:02] "GET /static/img/github.ico HTTP/1.1" 200 6518
[14/Feb/2017 09:05:02] "GET /favicon.ico HTTP/1.1" 404 3225
[14/Feb/2017 09:05:27] "GET /about/ HTTP/1.1" 200 2206
[14/Feb/2017 09:05:27] "GET /static/css/about.css HTTP/1.1" 200 1417
[14/Feb/2017 09:05:46] "GET /static/css/about.css HTTP/1.1" 304 0
[14/Feb/2017 09:06:18] "GET /about/ HTTP/1.1" 200 2206
[14/Feb/2017 09:06:18] "GET /static/css/about.css HTTP/1.1" 200 1417
[14/Feb/2017 09:06:42] "GET /static/css/about.css HTTP/1.1" 304 0
[14/Feb/2017 09:07:13] "GET /about/ HTTP/1.1" 200 2206
[14/Feb/2017 09:07:13] "GET /static/css/about.css HTTP/1.1" 200 1419
[14/Feb/2017 09:07:47] "GET /about/ HTTP/1.1" 200 2206
[14/Feb/2017 09:07:47] "GET /static/css/about.css HTTP/1.1" 200 1420
[14/Feb/2017 09:08:10] "GET /about/ HTTP/1.1" 200 2206
[14/Feb/2017 09:08:10] "GET /static/css/about.css HTTP/1.1" 200 1418
[14/Feb/2017 09:08:13] "GET /about/ HTTP/1.1" 200 2206
[14/Feb/2017 09:08:13] "GET /static/css/about.css HTTP/1.1" 200 1418
[14/Feb/2017 09:08:13] "GET /static/img/logo.png HTTP/1.1" 200 21500
[14/Feb/2017 09:08:13] "GET /static/img/email.png HTTP/1.1" 200 1183
[14/Feb/2017 09:08:13] "GET /static/img/github.ico HTTP/1.1" 200 6518
[14/Feb/2017 09:08:20] "GET /favicon.ico HTTP/1.1" 404 3225
[14/Feb/2017 09:08:33] "GET /about/ HTTP/1.1" 200 2206
[14/Feb/2017 09:08:33] "GET /static/css/about.css HTTP/1.1" 200 1418
[14/Feb/2017 09:08:33] "GET /static/img/logo.png HTTP/1.1" 200 21500
[14/Feb/2017 09:08:33] "GET /static/img/email.png HTTP/1.1" 200 1183
[14/Feb/2017 09:08:33] "GET /static/img/github.ico HTTP/1.1" 200 6518
[14/Feb/2017 09:08:33] "GET /favicon.ico HTTP/1.1" 404 3225
[14/Feb/2017 09:08:45] "GET /about/ HTTP/1.1" 200 2206
[14/Feb/2017 09:08:45] "GET /static/css/about.css HTTP/1.1" 200 1418
[14/Feb/2017 09:08:45] "GET /static/img/logo.png HTTP/1.1" 200 21500
[14/Feb/2017 09:08:45] "GET /static/img/email.png HTTP/1.1" 200 1183
[14/Feb/2017 09:08:45] "GET /static/img/github.ico HTTP/1.1" 200 6518
[14/Feb/2017 09:08:45] "GET /favicon.ico HTTP/1.1" 404 3225
[14/Feb/2017 09:09:01] "GET /about/ HTTP/1.1" 200 2206
[14/Feb/2017 09:09:01] "GET /static/css/about.css HTTP/1.1" 200 1418
[14/Feb/2017 09:09:01] "GET /static/img/logo.png HTTP/1.1" 200 21500
[14/Feb/2017 09:09:01] "GET /static/img/email.png HTTP/1.1" 200 1183
[14/Feb/2017 09:09:01] "GET /static/img/github.ico HTTP/1.1" 200 6518
[14/Feb/2017 09:09:01] "GET /favicon.ico HTTP/1.1" 404 3225
[15/Feb/2017 14:50:06] "GET / HTTP/1.1" 200 2088
[15/Feb/2017 14:50:06] "GET /static/css/index.css HTTP/1.1" 304 0
[15/Feb/2017 14:50:06] "GET /static/img/logo.png HTTP/1.1" 304 0
[15/Feb/2017 14:50:06] "GET /favicon.ico HTTP/1.1" 404 3225
[15/Feb/2017 21:02:31] "GET / HTTP/1.1" 200 2088
[15/Feb/2017 21:02:31] "GET /static/css/index.css HTTP/1.1" 200 1405
[15/Feb/2017 21:02:31] "GET /static/img/logo.png HTTP/1.1" 304 0
[15/Feb/2017 21:03:37] "GET / HTTP/1.1" 200 2088
[15/Feb/2017 21:03:37] "GET /static/css/index.css HTTP/1.1" 200 1399
[15/Feb/2017 21:03:38] "GET /static/img/logo.png HTTP/1.1" 200 21500
[15/Feb/2017 21:03:38] "GET /favicon.ico HTTP/1.1" 404 3225
[15/Feb/2017 21:03:41] "GET / HTTP/1.1" 200 2088
[15/Feb/2017 21:03:42] "GET /static/css/index.css HTTP/1.1" 200 1399
[15/Feb/2017 21:03:42] "GET /static/img/logo.png HTTP/1.1" 200 21500
[15/Feb/2017 21:03:42] "GET /favicon.ico HTTP/1.1" 404 3225
[15/Feb/2017 21:04:31] "GET / HTTP/1.1" 200 2088
[15/Feb/2017 21:04:31] "GET /static/css/index.css HTTP/1.1" 200 1401
[15/Feb/2017 21:04:31] "GET /static/img/logo.png HTTP/1.1" 200 21500
[15/Feb/2017 21:04:31] "GET /favicon.ico HTTP/1.1" 404 3225
[15/Feb/2017 21:04:49] "GET / HTTP/1.1" 200 2088
[15/Feb/2017 21:04:49] "GET /static/css/index.css HTTP/1.1" 200 1402
[15/Feb/2017 21:04:49] "GET /static/img/logo.png HTTP/1.1" 200 21500
[15/Feb/2017 21:04:49] "GET /favicon.ico HTTP/1.1" 404 3225
[15/Feb/2017 21:05:08] "GET / HTTP/1.1" 200 2088
[15/Feb/2017 21:05:08] "GET /static/css/index.css HTTP/1.1" 200 1401
[15/Feb/2017 21:05:08] "GET /static/img/logo.png HTTP/1.1" 200 21500
[15/Feb/2017 21:05:08] "GET /favicon.ico HTTP/1.1" 404 3225
[15/Feb/2017 21:05:32] "GET / HTTP/1.1" 200 2088
[15/Feb/2017 21:05:32] "GET /static/css/index.css HTTP/1.1" 200 1399
[15/Feb/2017 21:05:32] "GET /static/img/logo.png HTTP/1.1" 200 21500
[15/Feb/2017 21:05:33] "GET /favicon.ico HTTP/1.1" 404 3225
[15/Feb/2017 21:05:50] "GET / HTTP/1.1" 200 2088
[15/Feb/2017 21:05:50] "GET /static/css/index.css HTTP/1.1" 200 1398
[15/Feb/2017 21:05:50] "GET /static/img/logo.png HTTP/1.1" 200 21500
[15/Feb/2017 21:05:50] "GET /favicon.ico HTTP/1.1" 404 3225
[15/Feb/2017 21:06:48] "GET / HTTP/1.1" 200 2088
[15/Feb/2017 21:06:49] "GET /static/css/index.css HTTP/1.1" 200 1422
[15/Feb/2017 21:06:49] "GET /static/img/logo.png HTTP/1.1" 200 21500
[15/Feb/2017 21:06:49] "GET /favicon.ico HTTP/1.1" 404 3225
[15/Feb/2017 21:07:34] "GET / HTTP/1.1" 200 2088
[15/Feb/2017 21:07:34] "GET /static/css/index.css HTTP/1.1" 200 1421
[15/Feb/2017 21:07:34] "GET /static/img/logo.png HTTP/1.1" 200 21500
[15/Feb/2017 21:07:35] "GET /favicon.ico HTTP/1.1" 404 3225
[15/Feb/2017 21:07:58] "GET / HTTP/1.1" 200 2088
[15/Feb/2017 21:07:58] "GET /static/css/index.css HTTP/1.1" 200 1398
[15/Feb/2017 21:07:58] "GET /static/img/logo.png HTTP/1.1" 200 21500
[15/Feb/2017 21:07:58] "GET /favicon.ico HTTP/1.1" 404 3225
[15/Feb/2017 21:08:53] "GET / HTTP/1.1" 200 2088
[15/Feb/2017 21:08:54] "GET /static/css/index.css HTTP/1.1" 200 1417
[15/Feb/2017 21:08:54] "GET /static/img/logo.png HTTP/1.1" 200 21500
[15/Feb/2017 21:08:54] "GET /favicon.ico HTTP/1.1" 404 3225
[15/Feb/2017 21:09:34] "GET /linux/list HTTP/1.1" 200 30
[15/Feb/2017 21:09:39] "GET /python/list HTTP/1.1" 500 88708
[15/Feb/2017 21:09:44] "GET /python/1 HTTP/1.1" 200 2065
[15/Feb/2017 21:09:44] "GET /static/css/detail.css HTTP/1.1" 200 1218
[15/Feb/2017 21:09:44] "GET /uploads/foot_91_20170207181131_557.jpg HTTP/1.1" 304 0
[15/Feb/2017 21:17:36] "GET /python/1 HTTP/1.1" 200 2065
[16/Feb/2017 09:57:31] "GET / HTTP/1.1" 200 2288
[16/Feb/2017 09:57:31] "GET /static/css/index.css HTTP/1.1" 200 1417
[16/Feb/2017 09:57:31] "GET /static/img/logo.png HTTP/1.1" 200 21500
[16/Feb/2017 09:57:31] "GET /favicon.ico HTTP/1.1" 404 3225
[16/Feb/2017 09:58:07] "GET / HTTP/1.1" 200 2088
[16/Feb/2017 09:58:09] "GET / HTTP/1.1" 200 2088
[16/Feb/2017 09:58:09] "GET /static/css/index.css HTTP/1.1" 200 1417
[16/Feb/2017 09:58:09] "GET /static/img/logo.png HTTP/1.1" 200 21500
[16/Feb/2017 10:00:56] "GET / HTTP/1.1" 200 2091
[16/Feb/2017 10:00:56] "GET /static/css/index.css HTTP/1.1" 200 1417
[16/Feb/2017 10:00:56] "GET /static/img/logo.png HTTP/1.1" 200 21500
[16/Feb/2017 10:01:09] "GET / HTTP/1.1" 200 2091
[16/Feb/2017 10:01:09] "GET /static/css/index.css HTTP/1.1" 200 1417
[16/Feb/2017 10:01:09] "GET /static/img/logo.png HTTP/1.1" 200 21500
[16/Feb/2017 10:01:09] "GET /favicon.ico HTTP/1.1" 404 3225
[16/Feb/2017 10:01:55] "GET / HTTP/1.1" 200 2088
[16/Feb/2017 10:01:55] "GET /static/css/index.css HTTP/1.1" 200 1417
[16/Feb/2017 10:01:55] "GET /static/img/logo.png HTTP/1.1" 200 21500
[16/Feb/2017 10:01:55] "GET /favicon.ico HTTP/1.1" 404 3225
[16/Feb/2017 10:03:32] "GET / HTTP/1.1" 200 2088
[16/Feb/2017 10:03:32] "GET /static/css/index.css HTTP/1.1" 304 0
